#
# There is insufficient memory for the Java Runtime Environment to continue.
# Native memory allocation (malloc) failed to allocate 1328336 bytes for Chunk::new
# Possible reasons:
#   The system is out of physical RAM or swap space
#   The process is running with CompressedOops enabled, and the Java Heap may be blocking the growth of the native heap
# Possible solutions:
#   Reduce memory load on the system
#   Increase physical memory or swap space
#   Check if swap backing store is full
#   Decrease Java heap size (-Xmx/-Xms)
#   Decrease number of Java threads
#   Decrease Java thread stack sizes (-Xss)
#   Set larger code cache with -XX:ReservedCodeCacheSize=
#   JVM is running with Zero Based Compressed Oops mode in which the Java heap is
#     placed in the first 32GB address space. The Java Heap base address is the
#     maximum limit for the native heap growth. Please use -XX:HeapBaseMinAddress
#     to set the Java Heap base and to place the Java Heap above 32GB virtual address.
# This output file may be truncated or incomplete.
#
#  Out of Memory Error (./src/hotspot/share/memory/arena.cpp:197), pid=19460, tid=17832
#
# JRE version: OpenJDK Runtime Environment (11.0.12+7) (build 11.0.12+7-b1504.28-7817840)
# Java VM: OpenJDK 64-Bit Server VM (11.0.12+7-b1504.28-7817840, mixed mode, tiered, compressed oops, g1 gc, windows-amd64)
# No core dump will be written. Minidumps are not enabled by default on client versions of Windows
#

---------------  S U M M A R Y ------------

Command Line: --add-opens=java.base/java.util=ALL-UNNAMED --add-opens=java.base/java.lang=ALL-UNNAMED --add-opens=java.base/java.lang.invoke=ALL-UNNAMED --add-opens=java.base/java.util=ALL-UNNAMED --add-opens=java.prefs/java.util.prefs=ALL-UNNAMED --add-opens=java.prefs/java.util.prefs=ALL-UNNAMED --add-opens=java.base/java.nio.charset=ALL-UNNAMED --add-opens=java.base/java.net=ALL-UNNAMED --add-opens=java.base/java.util.concurrent.atomic=ALL-UNNAMED -Dfile.encoding=windows-1252 -Duser.country=US -Duser.language=en -Duser.variant org.gradle.launcher.daemon.bootstrap.GradleDaemon 7.3.3

Host: Intel(R) Core(TM) i5-2500 CPU @ 3.30GHz, 4 cores, 15G,  Windows 10 , 64 bit Build 19041 (10.0.19041.1889)
Time: Sat Sep 10 11:31:41 2022 Central Daylight Time elapsed time: 105.055300 seconds (0d 0h 1m 45s)

---------------  T H R E A D  ---------------

Current thread (0x0000021e6aa62800):  JavaThread "C2 CompilerThread1" daemon [_thread_in_native, id=17832, stack(0x0000006d8ee00000,0x0000006d8ef00000)]


Current CompileTask:
C2: 105055 25163       4       org.gradle.internal.service.DefaultServiceRegistry$SingletonService::get (5 bytes)

Stack: [0x0000006d8ee00000,0x0000006d8ef00000]
Native frames: (J=compiled Java code, j=interpreted, Vv=VM code, C=native code)
V  [jvm.dll+0x5fbcea]
V  [jvm.dll+0x731905]
V  [jvm.dll+0x732f1d]
V  [jvm.dll+0x7335d3]
V  [jvm.dll+0x247bf8]
V  [jvm.dll+0xc018c]
V  [jvm.dll+0xc06cc]
V  [jvm.dll+0x35b31d]
V  [jvm.dll+0x19cebc]
V  [jvm.dll+0x20070e]
V  [jvm.dll+0x1ff794]
V  [jvm.dll+0x18868c]
V  [jvm.dll+0x20e0d7]
V  [jvm.dll+0x20c901]
V  [jvm.dll+0x6f9b7f]
V  [jvm.dll+0x6f26a5]
V  [jvm.dll+0x5fabf6]
C  [ucrtbase.dll+0x21bb2]
C  [KERNEL32.DLL+0x17034]
C  [ntdll.dll+0x52651]


---------------  P R O C E S S  ---------------

Threads class SMR info:
_java_thread_list=0x0000021e6dbadcf0, length=52, elements={
0x0000021e4b47b800, 0x0000021e6a4ed000, 0x0000021e6a4fb000, 0x0000021e6a54c800,
0x0000021e6a54e800, 0x0000021e6a54f800, 0x0000021e6a553800, 0x0000021e6a55a000,
0x0000021e6a55b800, 0x0000021e6a6fb000, 0x0000021e6d312000, 0x0000021e6d7dc800,
0x0000021e6a7b7000, 0x0000021e6cb51000, 0x0000021e6bc64000, 0x0000021e6d2fb000,
0x0000021e6d2fe800, 0x0000021e6d2f9800, 0x0000021e6d2ff000, 0x0000021e6d2fc800,
0x0000021e6c949000, 0x0000021e6c94a800, 0x0000021e6c94b800, 0x0000021e6c94d000,
0x0000021e6aa5f000, 0x0000021e6c6f2800, 0x0000021e6c6f4000, 0x0000021e6c6f9000,
0x0000021e6c6fe000, 0x0000021e6c6fe800, 0x0000021e6fee3800, 0x0000021e6fedf800,
0x0000021e6fee2800, 0x0000021e6fee0000, 0x0000021e76e74800, 0x0000021e76e75000,
0x0000021e76e76000, 0x0000021e76e7a000, 0x0000021e76e79000, 0x0000021e76e7c800,
0x0000021e6aa5e000, 0x0000021e6aa60000, 0x0000021e6aa60800, 0x0000021e6aa61800,
0x0000021e6aa5d800, 0x0000021e6aa5c000, 0x0000021e6aa62800, 0x0000021e6aa5c800,
0x0000021e6aa67000, 0x0000021e6aa68000, 0x0000021e6aa65800, 0x0000021e6aa64000
}

Java Threads: ( => current thread )
  0x0000021e4b47b800 JavaThread "main" [_thread_blocked, id=17544, stack(0x0000006d8d200000,0x0000006d8d300000)]
  0x0000021e6a4ed000 JavaThread "Reference Handler" daemon [_thread_blocked, id=10144, stack(0x0000006d8d900000,0x0000006d8da00000)]
  0x0000021e6a4fb000 JavaThread "Finalizer" daemon [_thread_blocked, id=864, stack(0x0000006d8da00000,0x0000006d8db00000)]
  0x0000021e6a54c800 JavaThread "Signal Dispatcher" daemon [_thread_blocked, id=4860, stack(0x0000006d8db00000,0x0000006d8dc00000)]
  0x0000021e6a54e800 JavaThread "Attach Listener" daemon [_thread_blocked, id=20356, stack(0x0000006d8dc00000,0x0000006d8dd00000)]
  0x0000021e6a54f800 JavaThread "Service Thread" daemon [_thread_blocked, id=8024, stack(0x0000006d8dd00000,0x0000006d8de00000)]
  0x0000021e6a553800 JavaThread "C2 CompilerThread0" daemon [_thread_blocked, id=17168, stack(0x0000006d8de00000,0x0000006d8df00000)]
  0x0000021e6a55a000 JavaThread "C1 CompilerThread0" daemon [_thread_blocked, id=3900, stack(0x0000006d8df00000,0x0000006d8e000000)]
  0x0000021e6a55b800 JavaThread "Sweeper thread" daemon [_thread_blocked, id=15076, stack(0x0000006d8e000000,0x0000006d8e100000)]
  0x0000021e6a6fb000 JavaThread "Common-Cleaner" daemon [_thread_blocked, id=13968, stack(0x0000006d8e100000,0x0000006d8e200000)]
  0x0000021e6d312000 JavaThread "Daemon health stats" [_thread_blocked, id=20440, stack(0x0000006d8e700000,0x0000006d8e800000)]
  0x0000021e6d7dc800 JavaThread "Incoming local TCP Connector on port 59303" [_thread_in_native, id=18272, stack(0x0000006d8e300000,0x0000006d8e400000)]
  0x0000021e6a7b7000 JavaThread "Daemon periodic checks" [_thread_blocked, id=10404, stack(0x0000006d8e800000,0x0000006d8e900000)]
  0x0000021e6cb51000 JavaThread "Daemon" [_thread_blocked, id=14596, stack(0x0000006d8e900000,0x0000006d8ea00000)]
  0x0000021e6bc64000 JavaThread "Daemon worker" [_thread_in_native, id=13580, stack(0x0000006d8ec00000,0x0000006d8ed00000)]
  0x0000021e6d2fb000 JavaThread "Cache worker for journal cache (D:\.gradle\caches\journal-1)" [_thread_blocked, id=19788, stack(0x0000006d8f100000,0x0000006d8f200000)]
  0x0000021e6d2fe800 JavaThread "File lock request listener" [_thread_in_native, id=20328, stack(0x0000006d8f200000,0x0000006d8f300000)]
  0x0000021e6d2f9800 JavaThread "Cache worker for file hash cache (D:\.gradle\caches\7.3.3\fileHashes)" [_thread_blocked, id=2772, stack(0x0000006d8f300000,0x0000006d8f400000)]
  0x0000021e6d2ff000 JavaThread "File watcher server" daemon [_thread_in_native, id=19260, stack(0x0000006d8f500000,0x0000006d8f600000)]
  0x0000021e6d2fc800 JavaThread "File watcher consumer" daemon [_thread_blocked, id=15756, stack(0x0000006d8f600000,0x0000006d8f700000)]
  0x0000021e6c949000 JavaThread "Cache worker for execution history cache (D:\.gradle\caches\7.3.3\executionHistory)" [_thread_blocked, id=9292, stack(0x0000006d8fa00000,0x0000006d8fb00000)]
  0x0000021e6c94a800 JavaThread "jar transforms" [_thread_blocked, id=8156, stack(0x0000006d8fb00000,0x0000006d8fc00000)]
  0x0000021e6c94b800 JavaThread "Cache worker for file content cache (D:\.gradle\caches\7.3.3\fileContent)" [_thread_blocked, id=20216, stack(0x0000006d8fc00000,0x0000006d8fd00000)]
  0x0000021e6c94d000 JavaThread "jar transforms Thread 2" [_thread_blocked, id=5392, stack(0x0000006d8fd00000,0x0000006d8fe00000)]
  0x0000021e6aa5f000 JavaThread "jar transforms Thread 3" [_thread_blocked, id=9352, stack(0x0000006d8ff00000,0x0000006d90000000)]
  0x0000021e6c6f2800 JavaThread "jar transforms Thread 4" [_thread_blocked, id=5924, stack(0x0000006d92900000,0x0000006d92a00000)]
  0x0000021e6c6f4000 JavaThread "Memory manager" [_thread_blocked, id=12760, stack(0x0000006d92800000,0x0000006d92900000)]
  0x0000021e6c6f9000 JavaThread "pool-3-thread-1" [_thread_blocked, id=6648, stack(0x0000006d92c00000,0x0000006d92d00000)]
  0x0000021e6c6fe000 JavaThread "RMI Scheduler(0)" daemon [_thread_blocked, id=18704, stack(0x0000006d93400000,0x0000006d93500000)]
  0x0000021e6c6fe800 JavaThread "RMI GC Daemon" daemon [_thread_blocked, id=6340, stack(0x0000006d93600000,0x0000006d93700000)]
  0x0000021e6fee3800 JavaThread "RMI TCP Accept-0" daemon [_thread_in_native, id=16948, stack(0x0000006d93700000,0x0000006d93800000)]
  0x0000021e6fedf800 JavaThread "RMI Reaper" [_thread_blocked, id=11076, stack(0x0000006d93800000,0x0000006d93900000)]
  0x0000021e6fee2800 JavaThread "RMI TCP Connection(idle)" daemon [_thread_blocked, id=16168, stack(0x0000006d93a00000,0x0000006d93b00000)]
  0x0000021e6fee0000 JavaThread "Cache worker for Java compile cache (D:\.gradle\caches\7.3.3\javaCompile)" [_thread_blocked, id=9368, stack(0x0000006d93900000,0x0000006d93a00000)]
  0x0000021e76e74800 JavaThread "ForkJoinPool.commonPool-worker-3" daemon [_thread_blocked, id=20076, stack(0x0000006d93500000,0x0000006d93600000)]
  0x0000021e76e75000 JavaThread "ForkJoinPool.commonPool-worker-5" daemon [_thread_blocked, id=15328, stack(0x0000006d93e00000,0x0000006d93f00000)]
  0x0000021e76e76000 JavaThread "ForkJoinPool.commonPool-worker-7" daemon [_thread_blocked, id=17012, stack(0x0000006d93f00000,0x0000006d94000000)]
  0x0000021e76e7a000 JavaThread "Periodic tasks thread" daemon [_thread_blocked, id=19576, stack(0x0000006d94000000,0x0000006d94100000)]
  0x0000021e76e79000 JavaThread "ApplicationImpl pooled thread 1" [_thread_blocked, id=12064, stack(0x0000006d94100000,0x0000006d94200000)]
  0x0000021e76e7c800 JavaThread "pool-2-thread-1" [_thread_in_native, id=18968, stack(0x0000006d92b00000,0x0000006d92c00000)]
  0x0000021e6aa5e000 JavaThread "Handler for socket connection from /127.0.0.1:59303 to /127.0.0.1:59328" [_thread_in_native, id=940, stack(0x0000006d8d000000,0x0000006d8d100000)]
  0x0000021e6aa60000 JavaThread "Cancel handler" [_thread_blocked, id=5584, stack(0x0000006d8d100000,0x0000006d8d200000)]
  0x0000021e6aa60800 JavaThread "Asynchronous log dispatcher for DefaultDaemonConnection: socket connection from /127.0.0.1:59303 to /127.0.0.1:59328" [_thread_blocked, id=17228, stack(0x0000006d8cf00000,0x0000006d8d000000)]
  0x0000021e6aa61800 JavaThread "Stdin handler" [_thread_blocked, id=656, stack(0x0000006d8ea00000,0x0000006d8eb00000)]
  0x0000021e6aa5d800 JavaThread "Daemon client event forwarder" [_thread_blocked, id=15840, stack(0x0000006d8eb00000,0x0000006d8ec00000)]
  0x0000021e6aa5c000 JavaThread "Cache worker for file hash cache (E:\phonedev\SleepandPhoneMovementTracker\.gradle\7.3.3\fileHashes)" [_thread_blocked, id=17232, stack(0x0000006d8ed00000,0x0000006d8ee00000)]
=>0x0000021e6aa62800 JavaThread "C2 CompilerThread1" daemon [_thread_in_native, id=17832, stack(0x0000006d8ee00000,0x0000006d8ef00000)]
  0x0000021e6aa5c800 JavaThread "Cache worker for checksums cache (E:\phonedev\SleepandPhoneMovementTracker\.gradle\7.3.3\checksums)" [_thread_blocked, id=14276, stack(0x0000006d8ef00000,0x0000006d8f000000)]
  0x0000021e6aa67000 JavaThread "Cache worker for cache directory md-supplier (D:\.gradle\caches\7.3.3\md-supplier)" [_thread_blocked, id=20468, stack(0x0000006d8f000000,0x0000006d8f100000)]
  0x0000021e6aa68000 JavaThread "Cache worker for cache directory md-rule (D:\.gradle\caches\7.3.3\md-rule)" [_thread_blocked, id=19588, stack(0x0000006d8f400000,0x0000006d8f500000)]
  0x0000021e6aa65800 JavaThread "Cache worker for dependencies-accessors (E:\phonedev\SleepandPhoneMovementTracker\.gradle\7.3.3\dependencies-accessors)" [_thread_blocked, id=18080, stack(0x0000006d8f700000,0x0000006d8f800000)]
  0x0000021e6aa64000 JavaThread "Cache worker for Build Output Cleanup Cache (E:\phonedev\SleepandPhoneMovementTracker\.gradle\buildOutputCleanup)" [_thread_blocked, id=11564, stack(0x0000006d8f800000,0x0000006d8f900000)]

Other Threads:
  0x0000021e6a4ca800 VMThread "VM Thread" [stack: 0x0000006d8d800000,0x0000006d8d900000] [id=14212]
  0x0000021e6a720000 WatcherThread [stack: 0x0000006d8e200000,0x0000006d8e300000] [id=10476]
  0x0000021e4b497800 GCTaskThread "GC Thread#0" [stack: 0x0000006d8d300000,0x0000006d8d400000] [id=18024]
  0x0000021e6ac76000 GCTaskThread "GC Thread#1" [stack: 0x0000006d8e400000,0x0000006d8e500000] [id=3120]
  0x0000021e6ae39000 GCTaskThread "GC Thread#2" [stack: 0x0000006d8e500000,0x0000006d8e600000] [id=17740]
  0x0000021e6b361800 GCTaskThread "GC Thread#3" [stack: 0x0000006d8e600000,0x0000006d8e700000] [id=3156]
  0x0000021e4b4f3800 ConcurrentGCThread "G1 Main Marker" [stack: 0x0000006d8d400000,0x0000006d8d500000] [id=14120]
  0x0000021e4b4f5000 ConcurrentGCThread "G1 Conc#0" [stack: 0x0000006d8d500000,0x0000006d8d600000] [id=19404]
  0x0000021e69b21800 ConcurrentGCThread "G1 Refine#0" [stack: 0x0000006d8d600000,0x0000006d8d700000] [id=8264]
  0x0000021e6ce0b800 ConcurrentGCThread "G1 Refine#1" [stack: 0x0000006d94200000,0x0000006d94300000] [id=16440]
  0x0000021e777a3000 ConcurrentGCThread "G1 Refine#2" [stack: 0x0000006d94300000,0x0000006d94400000] [id=10460]
  0x0000021e6d977000 ConcurrentGCThread "G1 Refine#3" [stack: 0x0000006d94400000,0x0000006d94500000] [id=1684]
  0x0000021e69b22000 ConcurrentGCThread "G1 Young RemSet Sampling" [stack: 0x0000006d8d700000,0x0000006d8d800000] [id=14444]

Threads with active compile tasks:
C2 CompilerThread1 106459 25163       4       org.gradle.internal.service.DefaultServiceRegistry$SingletonService::get (5 bytes)

VM state:not at safepoint (normal execution)

VM Mutex/Monitor currently owned by a thread: None

Heap address: 0x0000000700a00000, size: 4086 MB, Compressed Oops mode: Zero based, Oop shift amount: 3
Narrow klass base: 0x0000000800000000, Narrow klass shift: 0
Compressed class space size: 1073741824 Address: 0x0000000800000000

Heap:
 garbage-first heap   total 408576K, used 238440K [0x0000000700a00000, 0x0000000800000000)
  region size 1024K, 56 young (57344K), 8 survivors (8192K)
 Metaspace       used 195991K, capacity 200259K, committed 200500K, reserved 1224704K
  class space    used 24020K, capacity 25576K, committed 25616K, reserved 1048576K
Heap Regions: E=young(eden), S=young(survivor), O=old, HS=humongous(starts), HC=humongous(continues), CS=collection set, F=free, A=archive, TAMS=top-at-mark-start (previous, next)
|   0|0x0000000700a00000, 0x0000000700b00000, 0x0000000700b00000|100%| O|  |TAMS 0x0000000700b00000, 0x0000000700a00000| Untracked 
|   1|0x0000000700b00000, 0x0000000700c00000, 0x0000000700c00000|100%| O|  |TAMS 0x0000000700c00000, 0x0000000700b00000| Untracked 
|   2|0x0000000700c00000, 0x0000000700d00000, 0x0000000700d00000|100%|HS|  |TAMS 0x0000000700d00000, 0x0000000700c00000| Complete 
|   3|0x0000000700d00000, 0x0000000700e00000, 0x0000000700e00000|100%|HS|  |TAMS 0x0000000700e00000, 0x0000000700d00000| Complete 
|   4|0x0000000700e00000, 0x0000000700f00000, 0x0000000700f00000|100%|HC|  |TAMS 0x0000000700f00000, 0x0000000700e00000| Complete 
|   5|0x0000000700f00000, 0x0000000701000000, 0x0000000701000000|100%|HC|  |TAMS 0x0000000701000000, 0x0000000700f00000| Complete 
|   6|0x0000000701000000, 0x0000000701100000, 0x0000000701100000|100%| O|  |TAMS 0x0000000701100000, 0x0000000701000000| Untracked 
|   7|0x0000000701100000, 0x0000000701200000, 0x0000000701200000|100%| O|  |TAMS 0x0000000701200000, 0x0000000701100000| Complete 
|   8|0x0000000701200000, 0x0000000701300000, 0x0000000701300000|100%| O|  |TAMS 0x0000000701300000, 0x0000000701200000| Untracked 
|   9|0x0000000701300000, 0x0000000701400000, 0x0000000701400000|100%| O|  |TAMS 0x0000000701400000, 0x0000000701300000| Untracked 
|  10|0x0000000701400000, 0x0000000701500000, 0x0000000701500000|100%|HS|  |TAMS 0x0000000701500000, 0x0000000701400000| Complete 
|  11|0x0000000701500000, 0x0000000701600000, 0x0000000701600000|100%|HS|  |TAMS 0x0000000701600000, 0x0000000701500000| Complete 
|  12|0x0000000701600000, 0x0000000701700000, 0x0000000701700000|100%| O|  |TAMS 0x0000000701700000, 0x0000000701600000| Untracked 
|  13|0x0000000701700000, 0x0000000701800000, 0x0000000701800000|100%| O|  |TAMS 0x0000000701800000, 0x0000000701700000| Untracked 
|  14|0x0000000701800000, 0x0000000701900000, 0x0000000701900000|100%| O|  |TAMS 0x0000000701900000, 0x0000000701800000| Untracked 
|  15|0x0000000701900000, 0x0000000701a00000, 0x0000000701a00000|100%| O|  |TAMS 0x0000000701a00000, 0x0000000701900000| Complete 
|  16|0x0000000701a00000, 0x0000000701b00000, 0x0000000701b00000|100%| O|  |TAMS 0x0000000701b00000, 0x0000000701a00000| Untracked 
|  17|0x0000000701b00000, 0x0000000701c00000, 0x0000000701c00000|100%| O|  |TAMS 0x0000000701c00000, 0x0000000701b00000| Untracked 
|  18|0x0000000701c00000, 0x0000000701d00000, 0x0000000701d00000|100%| O|  |TAMS 0x0000000701d00000, 0x0000000701c00000| Untracked 
|  19|0x0000000701d00000, 0x0000000701e00000, 0x0000000701e00000|100%| O|  |TAMS 0x0000000701e00000, 0x0000000701d00000| Untracked 
|  20|0x0000000701e00000, 0x0000000701f00000, 0x0000000701f00000|100%| O|  |TAMS 0x0000000701f00000, 0x0000000701e00000| Untracked 
|  21|0x0000000701f00000, 0x0000000702000000, 0x0000000702000000|100%|HS|  |TAMS 0x0000000702000000, 0x0000000701f00000| Complete 
|  22|0x0000000702000000, 0x0000000702100000, 0x0000000702100000|100%|HC|  |TAMS 0x0000000702100000, 0x0000000702000000| Complete 
|  23|0x0000000702100000, 0x0000000702200000, 0x0000000702200000|100%|HC|  |TAMS 0x0000000702200000, 0x0000000702100000| Complete 
|  24|0x0000000702200000, 0x0000000702300000, 0x0000000702300000|100%|HS|  |TAMS 0x0000000702300000, 0x0000000702200000| Complete 
|  25|0x0000000702300000, 0x0000000702400000, 0x0000000702400000|100%|HC|  |TAMS 0x0000000702400000, 0x0000000702300000| Complete 
|  26|0x0000000702400000, 0x0000000702500000, 0x0000000702500000|100%| O|  |TAMS 0x0000000702500000, 0x0000000702400000| Untracked 
|  27|0x0000000702500000, 0x0000000702600000, 0x0000000702600000|100%| O|  |TAMS 0x0000000702600000, 0x0000000702500000| Untracked 
|  28|0x0000000702600000, 0x0000000702700000, 0x0000000702700000|100%| O|  |TAMS 0x0000000702700000, 0x0000000702600000| Untracked 
|  29|0x0000000702700000, 0x0000000702800000, 0x0000000702800000|100%| O|  |TAMS 0x0000000702800000, 0x0000000702700000| Complete 
|  30|0x0000000702800000, 0x0000000702900000, 0x0000000702900000|100%| O|  |TAMS 0x0000000702900000, 0x0000000702800000| Untracked 
|  31|0x0000000702900000, 0x0000000702a00000, 0x0000000702a00000|100%| O|  |TAMS 0x0000000702a00000, 0x0000000702900000| Complete 
|  32|0x0000000702a00000, 0x0000000702b00000, 0x0000000702b00000|100%| O|  |TAMS 0x0000000702b00000, 0x0000000702a00000| Untracked 
|  33|0x0000000702b00000, 0x0000000702c00000, 0x0000000702c00000|100%| O|  |TAMS 0x0000000702c00000, 0x0000000702b00000| Untracked 
|  34|0x0000000702c00000, 0x0000000702d00000, 0x0000000702d00000|100%| O|  |TAMS 0x0000000702d00000, 0x0000000702c00000| Untracked 
|  35|0x0000000702d00000, 0x0000000702e00000, 0x0000000702e00000|100%| O|  |TAMS 0x0000000702e00000, 0x0000000702d00000| Untracked 
|  36|0x0000000702e00000, 0x0000000702f00000, 0x0000000702f00000|100%| O|  |TAMS 0x0000000702f00000, 0x0000000702e00000| Untracked 
|  37|0x0000000702f00000, 0x0000000703000000, 0x0000000703000000|100%| O|  |TAMS 0x0000000703000000, 0x0000000702f00000| Untracked 
|  38|0x0000000703000000, 0x0000000703100000, 0x0000000703100000|100%| O|  |TAMS 0x0000000703100000, 0x0000000703000000| Untracked 
|  39|0x0000000703100000, 0x0000000703200000, 0x0000000703200000|100%| O|  |TAMS 0x0000000703200000, 0x0000000703100000| Untracked 
|  40|0x0000000703200000, 0x0000000703300000, 0x0000000703300000|100%| O|  |TAMS 0x0000000703300000, 0x0000000703200000| Untracked 
|  41|0x0000000703300000, 0x0000000703400000, 0x0000000703400000|100%| O|  |TAMS 0x0000000703400000, 0x0000000703300000| Untracked 
|  42|0x0000000703400000, 0x0000000703500000, 0x0000000703500000|100%| O|  |TAMS 0x0000000703500000, 0x0000000703400000| Complete 
|  43|0x0000000703500000, 0x0000000703600000, 0x0000000703600000|100%| O|  |TAMS 0x0000000703600000, 0x0000000703500000| Complete 
|  44|0x0000000703600000, 0x0000000703700000, 0x0000000703700000|100%| O|  |TAMS 0x0000000703700000, 0x0000000703600000| Complete 
|  45|0x0000000703700000, 0x0000000703800000, 0x0000000703800000|100%| O|  |TAMS 0x0000000703800000, 0x0000000703700000| Complete 
|  46|0x0000000703800000, 0x0000000703900000, 0x0000000703900000|100%| O|  |TAMS 0x0000000703900000, 0x0000000703800000| Untracked 
|  47|0x0000000703900000, 0x0000000703a00000, 0x0000000703a00000|100%| O|  |TAMS 0x0000000703a00000, 0x0000000703900000| Untracked 
|  48|0x0000000703a00000, 0x0000000703b00000, 0x0000000703b00000|100%| O|  |TAMS 0x0000000703b00000, 0x0000000703a00000| Untracked 
|  49|0x0000000703b00000, 0x0000000703c00000, 0x0000000703c00000|100%| O|  |TAMS 0x0000000703c00000, 0x0000000703b00000| Untracked 
|  50|0x0000000703c00000, 0x0000000703d00000, 0x0000000703d00000|100%| O|  |TAMS 0x0000000703d00000, 0x0000000703c00000| Untracked 
|  51|0x0000000703d00000, 0x0000000703e00000, 0x0000000703e00000|100%| O|  |TAMS 0x0000000703e00000, 0x0000000703d00000| Untracked 
|  52|0x0000000703e00000, 0x0000000703f00000, 0x0000000703f00000|100%| O|  |TAMS 0x0000000703f00000, 0x0000000703e00000| Complete 
|  53|0x0000000703f00000, 0x0000000704000000, 0x0000000704000000|100%| O|  |TAMS 0x0000000704000000, 0x0000000703f00000| Untracked 
|  54|0x0000000704000000, 0x0000000704100000, 0x0000000704100000|100%| O|  |TAMS 0x0000000704100000, 0x0000000704000000| Untracked 
|  55|0x0000000704100000, 0x0000000704200000, 0x0000000704200000|100%| O|  |TAMS 0x0000000704200000, 0x0000000704100000| Untracked 
|  56|0x0000000704200000, 0x0000000704300000, 0x0000000704300000|100%| O|  |TAMS 0x0000000704300000, 0x0000000704200000| Untracked 
|  57|0x0000000704300000, 0x0000000704400000, 0x0000000704400000|100%| O|  |TAMS 0x0000000704400000, 0x0000000704300000| Untracked 
|  58|0x0000000704400000, 0x0000000704500000, 0x0000000704500000|100%| O|  |TAMS 0x0000000704500000, 0x0000000704400000| Untracked 
|  59|0x0000000704500000, 0x0000000704600000, 0x0000000704600000|100%| O|  |TAMS 0x0000000704600000, 0x0000000704500000| Untracked 
|  60|0x0000000704600000, 0x0000000704700000, 0x0000000704700000|100%| O|  |TAMS 0x0000000704700000, 0x0000000704600000| Untracked 
|  61|0x0000000704700000, 0x0000000704800000, 0x0000000704800000|100%| O|  |TAMS 0x0000000704800000, 0x0000000704700000| Untracked 
|  62|0x0000000704800000, 0x0000000704900000, 0x0000000704900000|100%| O|  |TAMS 0x0000000704900000, 0x0000000704800000| Untracked 
|  63|0x0000000704900000, 0x0000000704a00000, 0x0000000704a00000|100%| O|  |TAMS 0x0000000704a00000, 0x0000000704900000| Untracked 
|  64|0x0000000704a00000, 0x0000000704b00000, 0x0000000704b00000|100%| O|  |TAMS 0x0000000704b00000, 0x0000000704a00000| Untracked 
|  65|0x0000000704b00000, 0x0000000704c00000, 0x0000000704c00000|100%| O|  |TAMS 0x0000000704c00000, 0x0000000704b00000| Untracked 
|  66|0x0000000704c00000, 0x0000000704d00000, 0x0000000704d00000|100%| O|  |TAMS 0x0000000704d00000, 0x0000000704c00000| Untracked 
|  67|0x0000000704d00000, 0x0000000704e00000, 0x0000000704e00000|100%| O|  |TAMS 0x0000000704e00000, 0x0000000704d00000| Untracked 
|  68|0x0000000704e00000, 0x0000000704f00000, 0x0000000704f00000|100%| O|  |TAMS 0x0000000704f00000, 0x0000000704e00000| Untracked 
|  69|0x0000000704f00000, 0x0000000705000000, 0x0000000705000000|100%| O|  |TAMS 0x0000000705000000, 0x0000000704f00000| Complete 
|  70|0x0000000705000000, 0x0000000705100000, 0x0000000705100000|100%| O|  |TAMS 0x0000000705100000, 0x0000000705000000| Untracked 
|  71|0x0000000705100000, 0x0000000705200000, 0x0000000705200000|100%| O|  |TAMS 0x0000000705200000, 0x0000000705100000| Untracked 
|  72|0x0000000705200000, 0x0000000705300000, 0x0000000705300000|100%| O|  |TAMS 0x0000000705300000, 0x0000000705200000| Untracked 
|  73|0x0000000705300000, 0x0000000705400000, 0x0000000705400000|100%| O|  |TAMS 0x0000000705400000, 0x0000000705300000| Untracked 
|  74|0x0000000705400000, 0x0000000705500000, 0x0000000705500000|100%| O|  |TAMS 0x0000000705500000, 0x0000000705400000| Untracked 
|  75|0x0000000705500000, 0x0000000705600000, 0x0000000705600000|100%| O|  |TAMS 0x0000000705600000, 0x0000000705500000| Complete 
|  76|0x0000000705600000, 0x0000000705700000, 0x0000000705700000|100%| O|  |TAMS 0x0000000705700000, 0x0000000705600000| Complete 
|  77|0x0000000705700000, 0x0000000705800000, 0x0000000705800000|100%| O|  |TAMS 0x0000000705800000, 0x0000000705700000| Complete 
|  78|0x0000000705800000, 0x0000000705900000, 0x0000000705900000|100%| O|  |TAMS 0x0000000705900000, 0x0000000705800000| Complete 
|  79|0x0000000705900000, 0x0000000705a00000, 0x0000000705a00000|100%|HS|  |TAMS 0x0000000705900000, 0x0000000705900000| Complete 
|  80|0x0000000705a00000, 0x0000000705b00000, 0x0000000705b00000|100%|HS|  |TAMS 0x0000000705b00000, 0x0000000705a00000| Complete 
|  81|0x0000000705b00000, 0x0000000705c00000, 0x0000000705c00000|100%|HC|  |TAMS 0x0000000705c00000, 0x0000000705b00000| Complete 
|  82|0x0000000705c00000, 0x0000000705d00000, 0x0000000705d00000|100%|HS|  |TAMS 0x0000000705d00000, 0x0000000705c00000| Complete 
|  83|0x0000000705d00000, 0x0000000705e00000, 0x0000000705e00000|100%|HC|  |TAMS 0x0000000705e00000, 0x0000000705d00000| Complete 
|  84|0x0000000705e00000, 0x0000000705f00000, 0x0000000705f00000|100%|HC|  |TAMS 0x0000000705f00000, 0x0000000705e00000| Complete 
|  85|0x0000000705f00000, 0x0000000706000000, 0x0000000706000000|100%| O|  |TAMS 0x0000000706000000, 0x0000000705f00000| Complete 
|  86|0x0000000706000000, 0x0000000706100000, 0x0000000706100000|100%| O|  |TAMS 0x0000000706100000, 0x0000000706000000| Untracked 
|  87|0x0000000706100000, 0x0000000706200000, 0x0000000706200000|100%| O|  |TAMS 0x0000000706200000, 0x0000000706100000| Untracked 
|  88|0x0000000706200000, 0x0000000706300000, 0x0000000706300000|100%| O|  |TAMS 0x0000000706300000, 0x0000000706200000| Untracked 
|  89|0x0000000706300000, 0x0000000706400000, 0x0000000706400000|100%| O|  |TAMS 0x0000000706400000, 0x0000000706300000| Untracked 
|  90|0x0000000706400000, 0x0000000706500000, 0x0000000706500000|100%| O|  |TAMS 0x0000000706500000, 0x0000000706400000| Untracked 
|  91|0x0000000706500000, 0x0000000706600000, 0x0000000706600000|100%| O|  |TAMS 0x0000000706600000, 0x0000000706500000| Untracked 
|  92|0x0000000706600000, 0x0000000706700000, 0x0000000706700000|100%| O|  |TAMS 0x0000000706700000, 0x0000000706600000| Untracked 
|  93|0x0000000706700000, 0x0000000706800000, 0x0000000706800000|100%| O|  |TAMS 0x0000000706800000, 0x0000000706700000| Untracked 
|  94|0x0000000706800000, 0x0000000706900000, 0x0000000706900000|100%| O|  |TAMS 0x0000000706900000, 0x0000000706800000| Complete 
|  95|0x0000000706900000, 0x0000000706a00000, 0x0000000706a00000|100%| O|  |TAMS 0x0000000706a00000, 0x0000000706900000| Complete 
|  96|0x0000000706a00000, 0x0000000706b00000, 0x0000000706b00000|100%| O|  |TAMS 0x0000000706b00000, 0x0000000706a00000| Untracked 
|  97|0x0000000706b00000, 0x0000000706c00000, 0x0000000706c00000|100%| O|  |TAMS 0x0000000706c00000, 0x0000000706b00000| Untracked 
|  98|0x0000000706c00000, 0x0000000706d00000, 0x0000000706d00000|100%| O|  |TAMS 0x0000000706d00000, 0x0000000706c00000| Untracked 
|  99|0x0000000706d00000, 0x0000000706e00000, 0x0000000706e00000|100%| O|  |TAMS 0x0000000706e00000, 0x0000000706d00000| Untracked 
| 100|0x0000000706e00000, 0x0000000706f00000, 0x0000000706f00000|100%| O|  |TAMS 0x0000000706f00000, 0x0000000706e00000| Untracked 
| 101|0x0000000706f00000, 0x0000000707000000, 0x0000000707000000|100%| O|  |TAMS 0x0000000707000000, 0x0000000706f00000| Untracked 
| 102|0x0000000707000000, 0x0000000707100000, 0x0000000707100000|100%| O|  |TAMS 0x0000000707100000, 0x0000000707000000| Untracked 
| 103|0x0000000707100000, 0x0000000707200000, 0x0000000707200000|100%| O|  |TAMS 0x0000000707200000, 0x0000000707100000| Untracked 
| 104|0x0000000707200000, 0x0000000707300000, 0x0000000707300000|100%| O|  |TAMS 0x0000000707300000, 0x0000000707200000| Untracked 
| 105|0x0000000707300000, 0x0000000707400000, 0x0000000707400000|100%| O|  |TAMS 0x0000000707400000, 0x0000000707300000| Complete 
| 106|0x0000000707400000, 0x0000000707500000, 0x0000000707500000|100%|HS|  |TAMS 0x0000000707400000, 0x0000000707400000| Complete 
| 107|0x0000000707500000, 0x0000000707600000, 0x0000000707600000|100%| O|  |TAMS 0x0000000707600000, 0x0000000707500000| Complete 
| 108|0x0000000707600000, 0x0000000707700000, 0x0000000707700000|100%| O|  |TAMS 0x0000000707700000, 0x0000000707600000| Complete 
| 109|0x0000000707700000, 0x0000000707700000, 0x0000000707800000|  0%| F|  |TAMS 0x0000000707700000, 0x0000000707700000| Untracked 
| 110|0x0000000707800000, 0x0000000707900000, 0x0000000707900000|100%| O|  |TAMS 0x0000000707900000, 0x0000000707800000| Complete 
| 111|0x0000000707900000, 0x0000000707900000, 0x0000000707a00000|  0%| F|  |TAMS 0x0000000707900000, 0x0000000707900000| Untracked 
| 112|0x0000000707a00000, 0x0000000707a00000, 0x0000000707b00000|  0%| F|  |TAMS 0x0000000707a00000, 0x0000000707a00000| Untracked 
| 113|0x0000000707b00000, 0x0000000707c00000, 0x0000000707c00000|100%| O|  |TAMS 0x0000000707c00000, 0x0000000707b00000| Untracked 
| 114|0x0000000707c00000, 0x0000000707d00000, 0x0000000707d00000|100%| O|  |TAMS 0x0000000707d00000, 0x0000000707c00000| Complete 
| 115|0x0000000707d00000, 0x0000000707e00000, 0x0000000707e00000|100%| O|  |TAMS 0x0000000707e00000, 0x0000000707d00000| Complete 
| 116|0x0000000707e00000, 0x0000000707f00000, 0x0000000707f00000|100%|HS|  |TAMS 0x0000000707f00000, 0x0000000707e00000| Complete 
| 117|0x0000000707f00000, 0x0000000708000000, 0x0000000708000000|100%|HC|  |TAMS 0x0000000708000000, 0x0000000707f00000| Complete 
| 118|0x0000000708000000, 0x0000000708100000, 0x0000000708100000|100%| O|  |TAMS 0x0000000708100000, 0x0000000708000000| Untracked 
| 119|0x0000000708100000, 0x0000000708200000, 0x0000000708200000|100%| O|  |TAMS 0x0000000708200000, 0x0000000708100000| Untracked 
| 120|0x0000000708200000, 0x0000000708300000, 0x0000000708300000|100%| O|  |TAMS 0x0000000708300000, 0x0000000708200000| Untracked 
| 121|0x0000000708300000, 0x0000000708400000, 0x0000000708400000|100%| O|  |TAMS 0x0000000708400000, 0x0000000708300000| Untracked 
| 122|0x0000000708400000, 0x0000000708500000, 0x0000000708500000|100%| O|  |TAMS 0x0000000708500000, 0x0000000708400000| Complete 
| 123|0x0000000708500000, 0x0000000708600000, 0x0000000708600000|100%| O|  |TAMS 0x0000000708600000, 0x0000000708500000| Complete 
| 124|0x0000000708600000, 0x0000000708700000, 0x0000000708700000|100%| O|  |TAMS 0x0000000708700000, 0x0000000708600000| Complete 
| 125|0x0000000708700000, 0x0000000708800000, 0x0000000708800000|100%| O|  |TAMS 0x0000000708800000, 0x0000000708700000| Complete 
| 126|0x0000000708800000, 0x0000000708900000, 0x0000000708900000|100%| O|  |TAMS 0x0000000708900000, 0x0000000708800000| Untracked 
| 127|0x0000000708900000, 0x0000000708a00000, 0x0000000708a00000|100%| O|  |TAMS 0x0000000708a00000, 0x0000000708900000| Untracked 
| 128|0x0000000708a00000, 0x0000000708b00000, 0x0000000708b00000|100%| O|  |TAMS 0x0000000708b00000, 0x0000000708a00000| Untracked 
| 129|0x0000000708b00000, 0x0000000708c00000, 0x0000000708c00000|100%| O|  |TAMS 0x0000000708c00000, 0x0000000708b00000| Untracked 
| 130|0x0000000708c00000, 0x0000000708d00000, 0x0000000708d00000|100%| O|  |TAMS 0x0000000708d00000, 0x0000000708c00000| Complete 
| 131|0x0000000708d00000, 0x0000000708e00000, 0x0000000708e00000|100%| O|  |TAMS 0x0000000708e00000, 0x0000000708d00000| Complete 
| 132|0x0000000708e00000, 0x0000000708f00000, 0x0000000708f00000|100%| O|  |TAMS 0x0000000708f00000, 0x0000000708e00000| Untracked 
| 133|0x0000000708f00000, 0x0000000709000000, 0x0000000709000000|100%| O|  |TAMS 0x0000000709000000, 0x0000000708f00000| Untracked 
| 134|0x0000000709000000, 0x0000000709100000, 0x0000000709100000|100%| O|  |TAMS 0x0000000709100000, 0x0000000709000000| Untracked 
| 135|0x0000000709100000, 0x0000000709200000, 0x0000000709200000|100%| O|  |TAMS 0x0000000709200000, 0x0000000709100000| Untracked 
| 136|0x0000000709200000, 0x0000000709300000, 0x0000000709300000|100%| O|  |TAMS 0x0000000709300000, 0x0000000709200000| Untracked 
| 137|0x0000000709300000, 0x0000000709400000, 0x0000000709400000|100%| O|  |TAMS 0x0000000709400000, 0x0000000709300000| Complete 
| 138|0x0000000709400000, 0x0000000709500000, 0x0000000709500000|100%| O|  |TAMS 0x0000000709500000, 0x0000000709400000| Complete 
| 139|0x0000000709500000, 0x0000000709600000, 0x0000000709600000|100%| O|  |TAMS 0x0000000709600000, 0x0000000709500000| Complete 
| 140|0x0000000709600000, 0x0000000709600000, 0x0000000709700000|  0%| F|  |TAMS 0x0000000709600000, 0x0000000709600000| Untracked 
| 141|0x0000000709700000, 0x0000000709800000, 0x0000000709800000|100%| O|  |TAMS 0x0000000709800000, 0x0000000709700000| Complete 
| 142|0x0000000709800000, 0x0000000709900000, 0x0000000709900000|100%| O|  |TAMS 0x0000000709900000, 0x0000000709800000| Untracked 
| 143|0x0000000709900000, 0x0000000709a00000, 0x0000000709a00000|100%| O|  |TAMS 0x0000000709a00000, 0x0000000709900000| Untracked 
| 144|0x0000000709a00000, 0x0000000709b00000, 0x0000000709b00000|100%| O|  |TAMS 0x0000000709b00000, 0x0000000709a00000| Untracked 
| 145|0x0000000709b00000, 0x0000000709c00000, 0x0000000709c00000|100%| O|  |TAMS 0x0000000709c00000, 0x0000000709b00000| Untracked 
| 146|0x0000000709c00000, 0x0000000709d00000, 0x0000000709d00000|100%| O|  |TAMS 0x0000000709d00000, 0x0000000709c00000| Untracked 
| 147|0x0000000709d00000, 0x0000000709e00000, 0x0000000709e00000|100%| O|  |TAMS 0x0000000709e00000, 0x0000000709d00000| Untracked 
| 148|0x0000000709e00000, 0x0000000709f00000, 0x0000000709f00000|100%| O|  |TAMS 0x0000000709f00000, 0x0000000709e00000| Complete 
| 149|0x0000000709f00000, 0x000000070a000000, 0x000000070a000000|100%| O|  |TAMS 0x000000070a000000, 0x0000000709f00000| Untracked 
| 150|0x000000070a000000, 0x000000070a100000, 0x000000070a100000|100%| O|  |TAMS 0x000000070a100000, 0x000000070a000000| Complete 
| 151|0x000000070a100000, 0x000000070a100000, 0x000000070a200000|  0%| F|  |TAMS 0x000000070a100000, 0x000000070a100000| Untracked 
| 152|0x000000070a200000, 0x000000070a200000, 0x000000070a300000|  0%| F|  |TAMS 0x000000070a200000, 0x000000070a200000| Untracked 
| 153|0x000000070a300000, 0x000000070a400000, 0x000000070a400000|100%| O|  |TAMS 0x000000070a400000, 0x000000070a300000| Complete 
| 154|0x000000070a400000, 0x000000070a400000, 0x000000070a500000|  0%| F|  |TAMS 0x000000070a400000, 0x000000070a400000| Untracked 
| 155|0x000000070a500000, 0x000000070a600000, 0x000000070a600000|100%| O|  |TAMS 0x000000070a600000, 0x000000070a500000| Untracked 
| 156|0x000000070a600000, 0x000000070a700000, 0x000000070a700000|100%| O|  |TAMS 0x000000070a700000, 0x000000070a600000| Untracked 
| 157|0x000000070a700000, 0x000000070a800000, 0x000000070a800000|100%| O|  |TAMS 0x000000070a800000, 0x000000070a700000| Untracked 
| 158|0x000000070a800000, 0x000000070a900000, 0x000000070a900000|100%| O|  |TAMS 0x000000070a900000, 0x000000070a800000| Untracked 
| 159|0x000000070a900000, 0x000000070aa00000, 0x000000070aa00000|100%| O|  |TAMS 0x000000070aa00000, 0x000000070a900000| Untracked 
| 160|0x000000070aa00000, 0x000000070ab00000, 0x000000070ab00000|100%| O|  |TAMS 0x000000070ab00000, 0x000000070aa00000| Untracked 
| 161|0x000000070ab00000, 0x000000070ac00000, 0x000000070ac00000|100%| O|  |TAMS 0x000000070ac00000, 0x000000070ab00000| Untracked 
| 162|0x000000070ac00000, 0x000000070ad00000, 0x000000070ad00000|100%| O|  |TAMS 0x000000070ad00000, 0x000000070ac00000| Complete 
| 163|0x000000070ad00000, 0x000000070ae00000, 0x000000070ae00000|100%| O|  |TAMS 0x000000070ae00000, 0x000000070ad00000| Untracked 
| 164|0x000000070ae00000, 0x000000070af00000, 0x000000070af00000|100%| O|  |TAMS 0x000000070af00000, 0x000000070ae00000| Complete 
| 165|0x000000070af00000, 0x000000070b000000, 0x000000070b000000|100%| O|  |TAMS 0x000000070b000000, 0x000000070af00000| Untracked 
| 166|0x000000070b000000, 0x000000070b100000, 0x000000070b100000|100%| O|  |TAMS 0x000000070b100000, 0x000000070b000000| Untracked 
| 167|0x000000070b100000, 0x000000070b200000, 0x000000070b200000|100%| O|  |TAMS 0x000000070b200000, 0x000000070b100000| Untracked 
| 168|0x000000070b200000, 0x000000070b300000, 0x000000070b300000|100%| O|  |TAMS 0x000000070b300000, 0x000000070b200000| Complete 
| 169|0x000000070b300000, 0x000000070b400000, 0x000000070b400000|100%| O|  |TAMS 0x000000070b400000, 0x000000070b300000| Complete 
| 170|0x000000070b400000, 0x000000070b477c00, 0x000000070b500000| 46%| O|  |TAMS 0x000000070b477c00, 0x000000070b400000| Untracked 
| 171|0x000000070b500000, 0x000000070b500000, 0x000000070b600000|  0%| F|  |TAMS 0x000000070b500000, 0x000000070b500000| Untracked 
| 172|0x000000070b600000, 0x000000070b700000, 0x000000070b700000|100%|HS|  |TAMS 0x000000070b600000, 0x000000070b600000| Complete 
| 173|0x000000070b700000, 0x000000070b800000, 0x000000070b800000|100%|HS|  |TAMS 0x000000070b700000, 0x000000070b700000| Complete 
| 174|0x000000070b800000, 0x000000070b900000, 0x000000070b900000|100%|HS|  |TAMS 0x000000070b800000, 0x000000070b800000| Complete 
| 175|0x000000070b900000, 0x000000070b900000, 0x000000070ba00000|  0%| F|  |TAMS 0x000000070b900000, 0x000000070b900000| Untracked 
| 176|0x000000070ba00000, 0x000000070ba00000, 0x000000070bb00000|  0%| F|  |TAMS 0x000000070ba00000, 0x000000070ba00000| Untracked 
| 177|0x000000070bb00000, 0x000000070bb00000, 0x000000070bc00000|  0%| F|  |TAMS 0x000000070bb00000, 0x000000070bb00000| Untracked 
| 178|0x000000070bc00000, 0x000000070bc00000, 0x000000070bd00000|  0%| F|  |TAMS 0x000000070bc00000, 0x000000070bc00000| Untracked 
| 179|0x000000070bd00000, 0x000000070bd00000, 0x000000070be00000|  0%| F|  |TAMS 0x000000070bd00000, 0x000000070bd00000| Untracked 
| 180|0x000000070be00000, 0x000000070be00000, 0x000000070bf00000|  0%| F|  |TAMS 0x000000070be00000, 0x000000070be00000| Untracked 
| 181|0x000000070bf00000, 0x000000070bf00000, 0x000000070c000000|  0%| F|  |TAMS 0x000000070bf00000, 0x000000070bf00000| Untracked 
| 182|0x000000070c000000, 0x000000070c000000, 0x000000070c100000|  0%| F|  |TAMS 0x000000070c000000, 0x000000070c000000| Untracked 
| 183|0x000000070c100000, 0x000000070c100000, 0x000000070c200000|  0%| F|  |TAMS 0x000000070c100000, 0x000000070c100000| Untracked 
| 184|0x000000070c200000, 0x000000070c200000, 0x000000070c300000|  0%| F|  |TAMS 0x000000070c200000, 0x000000070c200000| Untracked 
| 185|0x000000070c300000, 0x000000070c300000, 0x000000070c400000|  0%| F|  |TAMS 0x000000070c300000, 0x000000070c300000| Untracked 
| 186|0x000000070c400000, 0x000000070c400000, 0x000000070c500000|  0%| F|  |TAMS 0x000000070c400000, 0x000000070c400000| Untracked 
| 187|0x000000070c500000, 0x000000070c500000, 0x000000070c600000|  0%| F|  |TAMS 0x000000070c500000, 0x000000070c500000| Untracked 
| 188|0x000000070c600000, 0x000000070c600000, 0x000000070c700000|  0%| F|  |TAMS 0x000000070c600000, 0x000000070c600000| Untracked 
| 189|0x000000070c700000, 0x000000070c700000, 0x000000070c800000|  0%| F|  |TAMS 0x000000070c700000, 0x000000070c700000| Untracked 
| 190|0x000000070c800000, 0x000000070c800000, 0x000000070c900000|  0%| F|  |TAMS 0x000000070c800000, 0x000000070c800000| Untracked 
| 191|0x000000070c900000, 0x000000070c900000, 0x000000070ca00000|  0%| F|  |TAMS 0x000000070c900000, 0x000000070c900000| Untracked 
| 192|0x000000070ca00000, 0x000000070ca00000, 0x000000070cb00000|  0%| F|  |TAMS 0x000000070ca00000, 0x000000070ca00000| Untracked 
| 193|0x000000070cb00000, 0x000000070cb00000, 0x000000070cc00000|  0%| F|  |TAMS 0x000000070cb00000, 0x000000070cb00000| Untracked 
| 194|0x000000070cc00000, 0x000000070cc00000, 0x000000070cd00000|  0%| F|  |TAMS 0x000000070cc00000, 0x000000070cc00000| Untracked 
| 195|0x000000070cd00000, 0x000000070cd00000, 0x000000070ce00000|  0%| F|  |TAMS 0x000000070cd00000, 0x000000070cd00000| Untracked 
| 196|0x000000070ce00000, 0x000000070ce00000, 0x000000070cf00000|  0%| F|  |TAMS 0x000000070ce00000, 0x000000070ce00000| Untracked 
| 197|0x000000070cf00000, 0x000000070cf00000, 0x000000070d000000|  0%| F|  |TAMS 0x000000070cf00000, 0x000000070cf00000| Untracked 
| 198|0x000000070d000000, 0x000000070d000000, 0x000000070d100000|  0%| F|  |TAMS 0x000000070d000000, 0x000000070d000000| Untracked 
| 199|0x000000070d100000, 0x000000070d100000, 0x000000070d200000|  0%| F|  |TAMS 0x000000070d100000, 0x000000070d100000| Untracked 
| 200|0x000000070d200000, 0x000000070d200000, 0x000000070d300000|  0%| F|  |TAMS 0x000000070d200000, 0x000000070d200000| Untracked 
| 201|0x000000070d300000, 0x000000070d300000, 0x000000070d400000|  0%| F|  |TAMS 0x000000070d300000, 0x000000070d300000| Untracked 
| 202|0x000000070d400000, 0x000000070d400000, 0x000000070d500000|  0%| F|  |TAMS 0x000000070d400000, 0x000000070d400000| Untracked 
| 203|0x000000070d500000, 0x000000070d500000, 0x000000070d600000|  0%| F|  |TAMS 0x000000070d500000, 0x000000070d500000| Untracked 
| 204|0x000000070d600000, 0x000000070d700000, 0x000000070d700000|100%| O|  |TAMS 0x000000070d700000, 0x000000070d600000| Complete 
| 205|0x000000070d700000, 0x000000070d800000, 0x000000070d800000|100%| O|  |TAMS 0x000000070d800000, 0x000000070d700000| Complete 
| 206|0x000000070d800000, 0x000000070d800000, 0x000000070d900000|  0%| F|  |TAMS 0x000000070d800000, 0x000000070d800000| Untracked 
| 207|0x000000070d900000, 0x000000070d900000, 0x000000070da00000|  0%| F|  |TAMS 0x000000070d900000, 0x000000070d900000| Untracked 
| 208|0x000000070da00000, 0x000000070da00000, 0x000000070db00000|  0%| F|  |TAMS 0x000000070da00000, 0x000000070da00000| Untracked 
| 209|0x000000070db00000, 0x000000070db00000, 0x000000070dc00000|  0%| F|  |TAMS 0x000000070db00000, 0x000000070db00000| Untracked 
| 210|0x000000070dc00000, 0x000000070dc00000, 0x000000070dd00000|  0%| F|  |TAMS 0x000000070dc00000, 0x000000070dc00000| Untracked 
| 211|0x000000070dd00000, 0x000000070dd00000, 0x000000070de00000|  0%| F|  |TAMS 0x000000070dd00000, 0x000000070dd00000| Untracked 
| 212|0x000000070de00000, 0x000000070de00000, 0x000000070df00000|  0%| F|  |TAMS 0x000000070de00000, 0x000000070de00000| Untracked 
| 213|0x000000070df00000, 0x000000070df00000, 0x000000070e000000|  0%| F|  |TAMS 0x000000070df00000, 0x000000070df00000| Untracked 
| 214|0x000000070e000000, 0x000000070e000000, 0x000000070e100000|  0%| F|  |TAMS 0x000000070e000000, 0x000000070e000000| Untracked 
| 215|0x000000070e100000, 0x000000070e100000, 0x000000070e200000|  0%| F|  |TAMS 0x000000070e100000, 0x000000070e100000| Untracked 
| 216|0x000000070e200000, 0x000000070e200000, 0x000000070e300000|  0%| F|  |TAMS 0x000000070e200000, 0x000000070e200000| Untracked 
| 217|0x000000070e300000, 0x000000070e300000, 0x000000070e400000|  0%| F|  |TAMS 0x000000070e300000, 0x000000070e300000| Untracked 
| 218|0x000000070e400000, 0x000000070e400000, 0x000000070e500000|  0%| F|  |TAMS 0x000000070e400000, 0x000000070e400000| Untracked 
| 219|0x000000070e500000, 0x000000070e500000, 0x000000070e600000|  0%| F|  |TAMS 0x000000070e500000, 0x000000070e500000| Untracked 
| 220|0x000000070e600000, 0x000000070e600000, 0x000000070e700000|  0%| F|  |TAMS 0x000000070e600000, 0x000000070e600000| Untracked 
| 221|0x000000070e700000, 0x000000070e700000, 0x000000070e800000|  0%| F|  |TAMS 0x000000070e700000, 0x000000070e700000| Untracked 
| 222|0x000000070e800000, 0x000000070e800000, 0x000000070e900000|  0%| F|  |TAMS 0x000000070e800000, 0x000000070e800000| Untracked 
| 223|0x000000070e900000, 0x000000070e900000, 0x000000070ea00000|  0%| F|  |TAMS 0x000000070e900000, 0x000000070e900000| Untracked 
| 224|0x000000070ea00000, 0x000000070ea00000, 0x000000070eb00000|  0%| F|  |TAMS 0x000000070ea00000, 0x000000070ea00000| Untracked 
| 225|0x000000070eb00000, 0x000000070eb00000, 0x000000070ec00000|  0%| F|  |TAMS 0x000000070eb00000, 0x000000070eb00000| Untracked 
| 226|0x000000070ec00000, 0x000000070ec00000, 0x000000070ed00000|  0%| F|  |TAMS 0x000000070ec00000, 0x000000070ec00000| Untracked 
| 227|0x000000070ed00000, 0x000000070ed00000, 0x000000070ee00000|  0%| F|  |TAMS 0x000000070ed00000, 0x000000070ed00000| Untracked 
| 228|0x000000070ee00000, 0x000000070ee00000, 0x000000070ef00000|  0%| F|  |TAMS 0x000000070ee00000, 0x000000070ee00000| Untracked 
| 229|0x000000070ef00000, 0x000000070ef00000, 0x000000070f000000|  0%| F|  |TAMS 0x000000070ef00000, 0x000000070ef00000| Untracked 
| 230|0x000000070f000000, 0x000000070f000000, 0x000000070f100000|  0%| F|  |TAMS 0x000000070f000000, 0x000000070f000000| Untracked 
| 231|0x000000070f100000, 0x000000070f100000, 0x000000070f200000|  0%| F|  |TAMS 0x000000070f100000, 0x000000070f100000| Untracked 
| 232|0x000000070f200000, 0x000000070f200000, 0x000000070f300000|  0%| F|  |TAMS 0x000000070f200000, 0x000000070f200000| Untracked 
| 233|0x000000070f300000, 0x000000070f300000, 0x000000070f400000|  0%| F|  |TAMS 0x000000070f300000, 0x000000070f300000| Untracked 
| 234|0x000000070f400000, 0x000000070f400000, 0x000000070f500000|  0%| F|  |TAMS 0x000000070f400000, 0x000000070f400000| Untracked 
| 235|0x000000070f500000, 0x000000070f500000, 0x000000070f600000|  0%| F|  |TAMS 0x000000070f500000, 0x000000070f500000| Untracked 
| 236|0x000000070f600000, 0x000000070f600000, 0x000000070f700000|  0%| F|  |TAMS 0x000000070f600000, 0x000000070f600000| Untracked 
| 237|0x000000070f700000, 0x000000070f700000, 0x000000070f800000|  0%| F|  |TAMS 0x000000070f700000, 0x000000070f700000| Untracked 
| 238|0x000000070f800000, 0x000000070f800000, 0x000000070f900000|  0%| F|  |TAMS 0x000000070f800000, 0x000000070f800000| Untracked 
| 239|0x000000070f900000, 0x000000070f900000, 0x000000070fa00000|  0%| F|  |TAMS 0x000000070f900000, 0x000000070f900000| Untracked 
| 240|0x000000070fa00000, 0x000000070fa00000, 0x000000070fb00000|  0%| F|  |TAMS 0x000000070fa00000, 0x000000070fa00000| Untracked 
| 241|0x000000070fb00000, 0x000000070fb00000, 0x000000070fc00000|  0%| F|  |TAMS 0x000000070fb00000, 0x000000070fb00000| Untracked 
| 242|0x000000070fc00000, 0x000000070fc00000, 0x000000070fd00000|  0%| F|  |TAMS 0x000000070fc00000, 0x000000070fc00000| Untracked 
| 243|0x000000070fd00000, 0x000000070fd00000, 0x000000070fe00000|  0%| F|  |TAMS 0x000000070fd00000, 0x000000070fd00000| Untracked 
| 244|0x000000070fe00000, 0x000000070fe00000, 0x000000070ff00000|  0%| F|  |TAMS 0x000000070fe00000, 0x000000070fe00000| Untracked 
| 245|0x000000070ff00000, 0x000000070ff00000, 0x0000000710000000|  0%| F|  |TAMS 0x000000070ff00000, 0x000000070ff00000| Untracked 
| 246|0x0000000710000000, 0x0000000710000000, 0x0000000710100000|  0%| F|  |TAMS 0x0000000710000000, 0x0000000710000000| Untracked 
| 247|0x0000000710100000, 0x0000000710100000, 0x0000000710200000|  0%| F|  |TAMS 0x0000000710100000, 0x0000000710100000| Untracked 
| 248|0x0000000710200000, 0x0000000710200000, 0x0000000710300000|  0%| F|  |TAMS 0x0000000710200000, 0x0000000710200000| Untracked 
| 249|0x0000000710300000, 0x0000000710300000, 0x0000000710400000|  0%| F|  |TAMS 0x0000000710300000, 0x0000000710300000| Untracked 
| 250|0x0000000710400000, 0x0000000710400000, 0x0000000710500000|  0%| F|  |TAMS 0x0000000710400000, 0x0000000710400000| Untracked 
| 251|0x0000000710500000, 0x0000000710500000, 0x0000000710600000|  0%| F|  |TAMS 0x0000000710500000, 0x0000000710500000| Untracked 
| 252|0x0000000710600000, 0x0000000710600000, 0x0000000710700000|  0%| F|  |TAMS 0x0000000710600000, 0x0000000710600000| Untracked 
| 253|0x0000000710700000, 0x0000000710700000, 0x0000000710800000|  0%| F|  |TAMS 0x0000000710700000, 0x0000000710700000| Untracked 
| 254|0x0000000710800000, 0x0000000710800000, 0x0000000710900000|  0%| F|  |TAMS 0x0000000710800000, 0x0000000710800000| Untracked 
| 255|0x0000000710900000, 0x0000000710900000, 0x0000000710a00000|  0%| F|  |TAMS 0x0000000710900000, 0x0000000710900000| Untracked 
| 256|0x0000000710a00000, 0x0000000710a00000, 0x0000000710b00000|  0%| F|  |TAMS 0x0000000710a00000, 0x0000000710a00000| Untracked 
| 257|0x0000000710b00000, 0x0000000710b00000, 0x0000000710c00000|  0%| F|  |TAMS 0x0000000710b00000, 0x0000000710b00000| Untracked 
| 258|0x0000000710c00000, 0x0000000710c00000, 0x0000000710d00000|  0%| F|  |TAMS 0x0000000710c00000, 0x0000000710c00000| Untracked 
| 259|0x0000000710d00000, 0x0000000710d00000, 0x0000000710e00000|  0%| F|  |TAMS 0x0000000710d00000, 0x0000000710d00000| Untracked 
| 260|0x0000000710e00000, 0x0000000710e00000, 0x0000000710f00000|  0%| F|  |TAMS 0x0000000710e00000, 0x0000000710e00000| Untracked 
| 261|0x0000000710f00000, 0x0000000710f00000, 0x0000000711000000|  0%| F|  |TAMS 0x0000000710f00000, 0x0000000710f00000| Untracked 
| 262|0x0000000711000000, 0x0000000711000000, 0x0000000711100000|  0%| F|  |TAMS 0x0000000711000000, 0x0000000711000000| Untracked 
| 263|0x0000000711100000, 0x0000000711100000, 0x0000000711200000|  0%| F|  |TAMS 0x0000000711100000, 0x0000000711100000| Untracked 
| 264|0x0000000711200000, 0x0000000711200000, 0x0000000711300000|  0%| F|  |TAMS 0x0000000711200000, 0x0000000711200000| Untracked 
| 265|0x0000000711300000, 0x0000000711300000, 0x0000000711400000|  0%| F|  |TAMS 0x0000000711300000, 0x0000000711300000| Untracked 
| 266|0x0000000711400000, 0x0000000711400000, 0x0000000711500000|  0%| F|  |TAMS 0x0000000711400000, 0x0000000711400000| Untracked 
| 267|0x0000000711500000, 0x0000000711500000, 0x0000000711600000|  0%| F|  |TAMS 0x0000000711500000, 0x0000000711500000| Untracked 
| 268|0x0000000711600000, 0x0000000711600000, 0x0000000711700000|  0%| F|  |TAMS 0x0000000711600000, 0x0000000711600000| Untracked 
| 269|0x0000000711700000, 0x0000000711700000, 0x0000000711800000|  0%| F|  |TAMS 0x0000000711700000, 0x0000000711700000| Untracked 
| 270|0x0000000711800000, 0x0000000711800000, 0x0000000711900000|  0%| F|  |TAMS 0x0000000711800000, 0x0000000711800000| Untracked 
| 271|0x0000000711900000, 0x0000000711900000, 0x0000000711a00000|  0%| F|  |TAMS 0x0000000711900000, 0x0000000711900000| Untracked 
| 272|0x0000000711a00000, 0x0000000711a00000, 0x0000000711b00000|  0%| F|  |TAMS 0x0000000711a00000, 0x0000000711a00000| Untracked 
| 273|0x0000000711b00000, 0x0000000711b00000, 0x0000000711c00000|  0%| F|  |TAMS 0x0000000711b00000, 0x0000000711b00000| Untracked 
| 274|0x0000000711c00000, 0x0000000711c00000, 0x0000000711d00000|  0%| F|  |TAMS 0x0000000711c00000, 0x0000000711c00000| Untracked 
| 275|0x0000000711d00000, 0x0000000711d00000, 0x0000000711e00000|  0%| F|  |TAMS 0x0000000711d00000, 0x0000000711d00000| Untracked 
| 276|0x0000000711e00000, 0x0000000711e00000, 0x0000000711f00000|  0%| F|  |TAMS 0x0000000711e00000, 0x0000000711e00000| Untracked 
| 277|0x0000000711f00000, 0x0000000711f00000, 0x0000000712000000|  0%| F|  |TAMS 0x0000000711f00000, 0x0000000711f00000| Untracked 
| 278|0x0000000712000000, 0x0000000712000000, 0x0000000712100000|  0%| F|  |TAMS 0x0000000712000000, 0x0000000712000000| Untracked 
| 279|0x0000000712100000, 0x0000000712100000, 0x0000000712200000|  0%| F|  |TAMS 0x0000000712100000, 0x0000000712100000| Untracked 
| 280|0x0000000712200000, 0x0000000712200000, 0x0000000712300000|  0%| F|  |TAMS 0x0000000712200000, 0x0000000712200000| Untracked 
| 281|0x0000000712300000, 0x0000000712300000, 0x0000000712400000|  0%| F|  |TAMS 0x0000000712300000, 0x0000000712300000| Untracked 
| 282|0x0000000712400000, 0x0000000712400000, 0x0000000712500000|  0%| F|  |TAMS 0x0000000712400000, 0x0000000712400000| Untracked 
| 283|0x0000000712500000, 0x0000000712500000, 0x0000000712600000|  0%| F|  |TAMS 0x0000000712500000, 0x0000000712500000| Untracked 
| 284|0x0000000712600000, 0x0000000712600000, 0x0000000712700000|  0%| F|  |TAMS 0x0000000712600000, 0x0000000712600000| Untracked 
| 285|0x0000000712700000, 0x0000000712700000, 0x0000000712800000|  0%| F|  |TAMS 0x0000000712700000, 0x0000000712700000| Untracked 
| 286|0x0000000712800000, 0x0000000712800000, 0x0000000712900000|  0%| F|  |TAMS 0x0000000712800000, 0x0000000712800000| Untracked 
| 287|0x0000000712900000, 0x0000000712900000, 0x0000000712a00000|  0%| F|  |TAMS 0x0000000712900000, 0x0000000712900000| Untracked 
| 288|0x0000000712a00000, 0x0000000712a00000, 0x0000000712b00000|  0%| F|  |TAMS 0x0000000712a00000, 0x0000000712a00000| Untracked 
| 289|0x0000000712b00000, 0x0000000712b00000, 0x0000000712c00000|  0%| F|  |TAMS 0x0000000712b00000, 0x0000000712b00000| Untracked 
| 290|0x0000000712c00000, 0x0000000712c00000, 0x0000000712d00000|  0%| F|  |TAMS 0x0000000712c00000, 0x0000000712c00000| Untracked 
| 291|0x0000000712d00000, 0x0000000712d00000, 0x0000000712e00000|  0%| F|  |TAMS 0x0000000712d00000, 0x0000000712d00000| Untracked 
| 292|0x0000000712e00000, 0x0000000712e00000, 0x0000000712f00000|  0%| F|  |TAMS 0x0000000712e00000, 0x0000000712e00000| Untracked 
| 293|0x0000000712f00000, 0x0000000712f00000, 0x0000000713000000|  0%| F|  |TAMS 0x0000000712f00000, 0x0000000712f00000| Untracked 
| 294|0x0000000713000000, 0x0000000713000000, 0x0000000713100000|  0%| F|  |TAMS 0x0000000713000000, 0x0000000713000000| Untracked 
| 295|0x0000000713100000, 0x0000000713100000, 0x0000000713200000|  0%| F|  |TAMS 0x0000000713100000, 0x0000000713100000| Untracked 
| 296|0x0000000713200000, 0x0000000713200000, 0x0000000713300000|  0%| F|  |TAMS 0x0000000713200000, 0x0000000713200000| Untracked 
| 297|0x0000000713300000, 0x0000000713300000, 0x0000000713400000|  0%| F|  |TAMS 0x0000000713300000, 0x0000000713300000| Untracked 
| 298|0x0000000713400000, 0x0000000713400000, 0x0000000713500000|  0%| F|  |TAMS 0x0000000713400000, 0x0000000713400000| Untracked 
| 299|0x0000000713500000, 0x0000000713500000, 0x0000000713600000|  0%| F|  |TAMS 0x0000000713500000, 0x0000000713500000| Untracked 
| 300|0x0000000713600000, 0x0000000713600000, 0x0000000713700000|  0%| F|  |TAMS 0x0000000713600000, 0x0000000713600000| Untracked 
| 301|0x0000000713700000, 0x0000000713700000, 0x0000000713800000|  0%| F|  |TAMS 0x0000000713700000, 0x0000000713700000| Untracked 
| 302|0x0000000713800000, 0x0000000713800000, 0x0000000713900000|  0%| F|  |TAMS 0x0000000713800000, 0x0000000713800000| Untracked 
| 303|0x0000000713900000, 0x0000000713900000, 0x0000000713a00000|  0%| F|  |TAMS 0x0000000713900000, 0x0000000713900000| Untracked 
| 304|0x0000000713a00000, 0x0000000713a00000, 0x0000000713b00000|  0%| F|  |TAMS 0x0000000713a00000, 0x0000000713a00000| Untracked 
| 305|0x0000000713b00000, 0x0000000713b00000, 0x0000000713c00000|  0%| F|  |TAMS 0x0000000713b00000, 0x0000000713b00000| Untracked 
| 306|0x0000000713c00000, 0x0000000713c00000, 0x0000000713d00000|  0%| F|  |TAMS 0x0000000713c00000, 0x0000000713c00000| Untracked 
| 307|0x0000000713d00000, 0x0000000713d00000, 0x0000000713e00000|  0%| F|  |TAMS 0x0000000713d00000, 0x0000000713d00000| Untracked 
| 308|0x0000000713e00000, 0x0000000713e00000, 0x0000000713f00000|  0%| F|  |TAMS 0x0000000713e00000, 0x0000000713e00000| Untracked 
| 309|0x0000000713f00000, 0x0000000713f00000, 0x0000000714000000|  0%| F|  |TAMS 0x0000000713f00000, 0x0000000713f00000| Untracked 
| 310|0x0000000714000000, 0x0000000714000000, 0x0000000714100000|  0%| F|  |TAMS 0x0000000714000000, 0x0000000714000000| Untracked 
| 311|0x0000000714100000, 0x0000000714100000, 0x0000000714200000|  0%| F|  |TAMS 0x0000000714100000, 0x0000000714100000| Untracked 
| 312|0x0000000714200000, 0x0000000714200000, 0x0000000714300000|  0%| F|  |TAMS 0x0000000714200000, 0x0000000714200000| Untracked 
| 313|0x0000000714300000, 0x0000000714300000, 0x0000000714400000|  0%| F|  |TAMS 0x0000000714300000, 0x0000000714300000| Untracked 
| 314|0x0000000714400000, 0x0000000714400000, 0x0000000714500000|  0%| F|  |TAMS 0x0000000714400000, 0x0000000714400000| Untracked 
| 315|0x0000000714500000, 0x0000000714500000, 0x0000000714600000|  0%| F|  |TAMS 0x0000000714500000, 0x0000000714500000| Untracked 
| 316|0x0000000714600000, 0x0000000714600000, 0x0000000714700000|  0%| F|  |TAMS 0x0000000714600000, 0x0000000714600000| Untracked 
| 317|0x0000000714700000, 0x0000000714700000, 0x0000000714800000|  0%| F|  |TAMS 0x0000000714700000, 0x0000000714700000| Untracked 
| 318|0x0000000714800000, 0x0000000714800000, 0x0000000714900000|  0%| F|  |TAMS 0x0000000714800000, 0x0000000714800000| Untracked 
| 319|0x0000000714900000, 0x0000000714900000, 0x0000000714a00000|  0%| F|  |TAMS 0x0000000714900000, 0x0000000714900000| Untracked 
| 320|0x0000000714a00000, 0x0000000714a00000, 0x0000000714b00000|  0%| F|  |TAMS 0x0000000714a00000, 0x0000000714a00000| Untracked 
| 321|0x0000000714b00000, 0x0000000714b00000, 0x0000000714c00000|  0%| F|  |TAMS 0x0000000714b00000, 0x0000000714b00000| Untracked 
| 322|0x0000000714c00000, 0x0000000714c00000, 0x0000000714d00000|  0%| F|  |TAMS 0x0000000714c00000, 0x0000000714c00000| Untracked 
| 323|0x0000000714d00000, 0x0000000714d00000, 0x0000000714e00000|  0%| F|  |TAMS 0x0000000714d00000, 0x0000000714d00000| Untracked 
| 324|0x0000000714e00000, 0x0000000714e00000, 0x0000000714f00000|  0%| F|  |TAMS 0x0000000714e00000, 0x0000000714e00000| Untracked 
| 325|0x0000000714f00000, 0x0000000714f00000, 0x0000000715000000|  0%| F|  |TAMS 0x0000000714f00000, 0x0000000714f00000| Untracked 
| 326|0x0000000715000000, 0x0000000715000000, 0x0000000715100000|  0%| F|  |TAMS 0x0000000715000000, 0x0000000715000000| Untracked 
| 327|0x0000000715100000, 0x0000000715100000, 0x0000000715200000|  0%| F|  |TAMS 0x0000000715100000, 0x0000000715100000| Untracked 
| 328|0x0000000715200000, 0x0000000715200000, 0x0000000715300000|  0%| F|  |TAMS 0x0000000715200000, 0x0000000715200000| Untracked 
| 329|0x0000000715300000, 0x0000000715300000, 0x0000000715400000|  0%| F|  |TAMS 0x0000000715300000, 0x0000000715300000| Untracked 
| 330|0x0000000715400000, 0x0000000715400000, 0x0000000715500000|  0%| F|  |TAMS 0x0000000715400000, 0x0000000715400000| Untracked 
| 331|0x0000000715500000, 0x0000000715500000, 0x0000000715600000|  0%| F|  |TAMS 0x0000000715500000, 0x0000000715500000| Untracked 
| 332|0x0000000715600000, 0x000000071564a958, 0x0000000715700000| 29%| E|  |TAMS 0x0000000715600000, 0x0000000715600000| Complete 
| 333|0x0000000715700000, 0x0000000715800000, 0x0000000715800000|100%| E|CS|TAMS 0x0000000715700000, 0x0000000715700000| Complete 
| 334|0x0000000715800000, 0x0000000715900000, 0x0000000715900000|100%| E|CS|TAMS 0x0000000715800000, 0x0000000715800000| Complete 
| 335|0x0000000715900000, 0x0000000715a00000, 0x0000000715a00000|100%| E|  |TAMS 0x0000000715900000, 0x0000000715900000| Complete 
| 336|0x0000000715a00000, 0x0000000715b00000, 0x0000000715b00000|100%| E|CS|TAMS 0x0000000715a00000, 0x0000000715a00000| Complete 
| 337|0x0000000715b00000, 0x0000000715c00000, 0x0000000715c00000|100%| E|CS|TAMS 0x0000000715b00000, 0x0000000715b00000| Complete 
| 338|0x0000000715c00000, 0x0000000715d00000, 0x0000000715d00000|100%| E|CS|TAMS 0x0000000715c00000, 0x0000000715c00000| Complete 
| 339|0x0000000715d00000, 0x0000000715e00000, 0x0000000715e00000|100%| E|CS|TAMS 0x0000000715d00000, 0x0000000715d00000| Complete 
| 340|0x0000000715e00000, 0x0000000715f00000, 0x0000000715f00000|100%| E|CS|TAMS 0x0000000715e00000, 0x0000000715e00000| Complete 
| 341|0x0000000715f00000, 0x0000000716000000, 0x0000000716000000|100%| E|CS|TAMS 0x0000000715f00000, 0x0000000715f00000| Complete 
| 342|0x0000000716000000, 0x0000000716100000, 0x0000000716100000|100%| E|CS|TAMS 0x0000000716000000, 0x0000000716000000| Complete 
| 343|0x0000000716100000, 0x0000000716200000, 0x0000000716200000|100%| E|CS|TAMS 0x0000000716100000, 0x0000000716100000| Complete 
| 344|0x0000000716200000, 0x0000000716300000, 0x0000000716300000|100%| E|CS|TAMS 0x0000000716200000, 0x0000000716200000| Complete 
| 345|0x0000000716300000, 0x0000000716400000, 0x0000000716400000|100%| E|CS|TAMS 0x0000000716300000, 0x0000000716300000| Complete 
| 346|0x0000000716400000, 0x0000000716500000, 0x0000000716500000|100%| E|CS|TAMS 0x0000000716400000, 0x0000000716400000| Complete 
| 347|0x0000000716500000, 0x0000000716600000, 0x0000000716600000|100%| E|CS|TAMS 0x0000000716500000, 0x0000000716500000| Complete 
| 348|0x0000000716600000, 0x0000000716700000, 0x0000000716700000|100%| E|CS|TAMS 0x0000000716600000, 0x0000000716600000| Complete 
| 349|0x0000000716700000, 0x0000000716800000, 0x0000000716800000|100%| E|CS|TAMS 0x0000000716700000, 0x0000000716700000| Complete 
| 350|0x0000000716800000, 0x0000000716900000, 0x0000000716900000|100%| E|CS|TAMS 0x0000000716800000, 0x0000000716800000| Complete 
| 351|0x0000000716900000, 0x0000000716a00000, 0x0000000716a00000|100%| E|CS|TAMS 0x0000000716900000, 0x0000000716900000| Complete 
| 352|0x0000000716a00000, 0x0000000716b00000, 0x0000000716b00000|100%| E|CS|TAMS 0x0000000716a00000, 0x0000000716a00000| Complete 
| 353|0x0000000716b00000, 0x0000000716c00000, 0x0000000716c00000|100%| E|CS|TAMS 0x0000000716b00000, 0x0000000716b00000| Complete 
| 354|0x0000000716c00000, 0x0000000716c62510, 0x0000000716d00000| 38%| S|CS|TAMS 0x0000000716c00000, 0x0000000716c00000| Complete 
| 355|0x0000000716d00000, 0x0000000716e00000, 0x0000000716e00000|100%| S|CS|TAMS 0x0000000716d00000, 0x0000000716d00000| Complete 
| 356|0x0000000716e00000, 0x0000000716f00000, 0x0000000716f00000|100%| S|CS|TAMS 0x0000000716e00000, 0x0000000716e00000| Complete 
| 357|0x0000000716f00000, 0x0000000717000000, 0x0000000717000000|100%| S|CS|TAMS 0x0000000716f00000, 0x0000000716f00000| Complete 
| 358|0x0000000717000000, 0x0000000717100000, 0x0000000717100000|100%| S|CS|TAMS 0x0000000717000000, 0x0000000717000000| Complete 
| 359|0x0000000717100000, 0x0000000717200000, 0x0000000717200000|100%| S|CS|TAMS 0x0000000717100000, 0x0000000717100000| Complete 
| 360|0x0000000717200000, 0x0000000717300000, 0x0000000717300000|100%| S|CS|TAMS 0x0000000717200000, 0x0000000717200000| Complete 
| 361|0x0000000717300000, 0x0000000717400000, 0x0000000717400000|100%| S|CS|TAMS 0x0000000717300000, 0x0000000717300000| Complete 
| 362|0x0000000717400000, 0x0000000717500000, 0x0000000717500000|100%| E|CS|TAMS 0x0000000717400000, 0x0000000717400000| Complete 
| 363|0x0000000717500000, 0x0000000717600000, 0x0000000717600000|100%| E|CS|TAMS 0x0000000717500000, 0x0000000717500000| Complete 
| 364|0x0000000717600000, 0x0000000717700000, 0x0000000717700000|100%| E|CS|TAMS 0x0000000717600000, 0x0000000717600000| Complete 
| 365|0x0000000717700000, 0x0000000717800000, 0x0000000717800000|100%| E|CS|TAMS 0x0000000717700000, 0x0000000717700000| Complete 
| 366|0x0000000717800000, 0x0000000717900000, 0x0000000717900000|100%| E|CS|TAMS 0x0000000717800000, 0x0000000717800000| Complete 
| 367|0x0000000717900000, 0x0000000717a00000, 0x0000000717a00000|100%| E|CS|TAMS 0x0000000717900000, 0x0000000717900000| Complete 
| 368|0x0000000717a00000, 0x0000000717b00000, 0x0000000717b00000|100%| E|CS|TAMS 0x0000000717a00000, 0x0000000717a00000| Complete 
| 369|0x0000000717b00000, 0x0000000717c00000, 0x0000000717c00000|100%| E|CS|TAMS 0x0000000717b00000, 0x0000000717b00000| Complete 
| 370|0x0000000717c00000, 0x0000000717d00000, 0x0000000717d00000|100%| E|CS|TAMS 0x0000000717c00000, 0x0000000717c00000| Complete 
| 371|0x0000000717d00000, 0x0000000717e00000, 0x0000000717e00000|100%| E|CS|TAMS 0x0000000717d00000, 0x0000000717d00000| Complete 
| 372|0x0000000717e00000, 0x0000000717f00000, 0x0000000717f00000|100%| E|CS|TAMS 0x0000000717e00000, 0x0000000717e00000| Complete 
| 373|0x0000000717f00000, 0x0000000718000000, 0x0000000718000000|100%| E|CS|TAMS 0x0000000717f00000, 0x0000000717f00000| Complete 
| 374|0x0000000718000000, 0x0000000718100000, 0x0000000718100000|100%| O|  |TAMS 0x0000000718100000, 0x0000000718000000| Untracked 
| 375|0x0000000718100000, 0x0000000718200000, 0x0000000718200000|100%| O|  |TAMS 0x0000000718200000, 0x0000000718100000| Complete 
| 376|0x0000000718200000, 0x0000000718300000, 0x0000000718300000|100%| O|  |TAMS 0x0000000718300000, 0x0000000718200000| Complete 
| 377|0x0000000718300000, 0x0000000718400000, 0x0000000718400000|100%| O|  |TAMS 0x0000000718400000, 0x0000000718300000| Untracked 
| 378|0x0000000718400000, 0x0000000718500000, 0x0000000718500000|100%| E|CS|TAMS 0x0000000718400000, 0x0000000718400000| Complete 
| 379|0x0000000718500000, 0x0000000718600000, 0x0000000718600000|100%| O|  |TAMS 0x0000000718600000, 0x0000000718500000| Untracked 
| 380|0x0000000718600000, 0x0000000718700000, 0x0000000718700000|100%| E|CS|TAMS 0x0000000718600000, 0x0000000718600000| Complete 
| 381|0x0000000718700000, 0x0000000718800000, 0x0000000718800000|100%| O|  |TAMS 0x0000000718800000, 0x0000000718700000| Complete 
| 382|0x0000000718800000, 0x0000000718900000, 0x0000000718900000|100%| O|  |TAMS 0x0000000718900000, 0x0000000718800000| Untracked 
| 383|0x0000000718900000, 0x0000000718a00000, 0x0000000718a00000|100%| E|CS|TAMS 0x0000000718900000, 0x0000000718900000| Complete 
| 384|0x0000000718a00000, 0x0000000718b00000, 0x0000000718b00000|100%| O|  |TAMS 0x0000000718b00000, 0x0000000718a00000| Complete 
| 385|0x0000000718b00000, 0x0000000718c00000, 0x0000000718c00000|100%| O|  |TAMS 0x0000000718c00000, 0x0000000718b00000| Complete 
| 386|0x0000000718c00000, 0x0000000718d00000, 0x0000000718d00000|100%| E|CS|TAMS 0x0000000718c00000, 0x0000000718c00000| Complete 
| 387|0x0000000718d00000, 0x0000000718e00000, 0x0000000718e00000|100%| O|  |TAMS 0x0000000718e00000, 0x0000000718d00000| Complete 
| 388|0x0000000718e00000, 0x0000000718f00000, 0x0000000718f00000|100%| E|CS|TAMS 0x0000000718e00000, 0x0000000718e00000| Complete 
| 389|0x0000000718f00000, 0x0000000719000000, 0x0000000719000000|100%| E|CS|TAMS 0x0000000718f00000, 0x0000000718f00000| Complete 
| 390|0x0000000719000000, 0x0000000719100000, 0x0000000719100000|100%| E|CS|TAMS 0x0000000719000000, 0x0000000719000000| Complete 
| 391|0x0000000719100000, 0x0000000719200000, 0x0000000719200000|100%| E|CS|TAMS 0x0000000719100000, 0x0000000719100000| Complete 
| 392|0x0000000719200000, 0x0000000719300000, 0x0000000719300000|100%| E|CS|TAMS 0x0000000719200000, 0x0000000719200000| Complete 
| 393|0x0000000719300000, 0x0000000719400000, 0x0000000719400000|100%| E|CS|TAMS 0x0000000719300000, 0x0000000719300000| Complete 
| 394|0x0000000719400000, 0x0000000719500000, 0x0000000719500000|100%| E|CS|TAMS 0x0000000719400000, 0x0000000719400000| Complete 
| 395|0x0000000719500000, 0x0000000719600000, 0x0000000719600000|100%| E|CS|TAMS 0x0000000719500000, 0x0000000719500000| Complete 
| 396|0x0000000719600000, 0x0000000719700000, 0x0000000719700000|100%| E|CS|TAMS 0x0000000719600000, 0x0000000719600000| Complete 
| 397|0x0000000719700000, 0x0000000719800000, 0x0000000719800000|100%| E|CS|TAMS 0x0000000719700000, 0x0000000719700000| Complete 
| 398|0x0000000719800000, 0x0000000719900000, 0x0000000719900000|100%| O|  |TAMS 0x0000000719900000, 0x0000000719800000| Complete 

Card table byte_map: [0x0000021e5e790000,0x0000021e5ef90000] _byte_map_base: 0x0000021e5af8b000

Marking Bits (Prev, Next): (CMBitMap*) 0x0000021e4b4e2d00, (CMBitMap*) 0x0000021e4b4e2cc8
 Prev Bits: [0x0000021e63770000, 0x0000021e67748000)
 Next Bits: [0x0000021e5f790000, 0x0000021e63768000)

Polling page: 0x0000021e491b0000

Metaspace:

Usage:
  Non-class:    170.59 MB capacity,   167.94 MB ( 98%) used,     2.12 MB (  1%) free+waste,   542.31 KB ( <1%) overhead. 
      Class:     24.98 MB capacity,    23.46 MB ( 94%) used,     1.29 MB (  5%) free+waste,   237.06 KB ( <1%) overhead. 
       Both:    195.57 MB capacity,   191.40 MB ( 98%) used,     3.41 MB (  2%) free+waste,   779.38 KB ( <1%) overhead. 

Virtual space:
  Non-class space:      172.00 MB reserved,     170.79 MB (>99%) committed 
      Class space:        1.00 GB reserved,      25.02 MB (  2%) committed 
             Both:        1.17 GB reserved,     195.80 MB ( 16%) committed 

Chunk freelists:
   Non-Class:  9.00 KB
       Class:  24.00 KB
        Both:  33.00 KB

MaxMetaspaceSize: 17179869184.00 GB
CompressedClassSpaceSize: 1.00 GB
Initial GC threshold: 20.80 MB
Current GC threshold: 320.92 MB
CDS: off

CodeHeap 'non-profiled nmethods': size=120064Kb used=14938Kb max_used=14938Kb free=105125Kb
 bounds [0x0000021e56a50000, 0x0000021e578f0000, 0x0000021e5df90000]
CodeHeap 'profiled nmethods': size=120000Kb used=56713Kb max_used=56713Kb free=63286Kb
 bounds [0x0000021e4f520000, 0x0000021e52c90000, 0x0000021e56a50000]
CodeHeap 'non-nmethods': size=5696Kb used=2569Kb max_used=2620Kb free=3126Kb
 bounds [0x0000021e4ef90000, 0x0000021e4f230000, 0x0000021e4f520000]
 total_blobs=24126 nmethods=23011 adapters=1024
 compilation: enabled
              stopped_count=0, restarted_count=0
 full_count=0

Compilation events (20 events):
Event: 104.931 Thread 0x0000021e6a55a000 nmethod 25238 0x0000021e52c30b90 code [0x0000021e52c30e60, 0x0000021e52c31d88]
Event: 104.931 Thread 0x0000021e6a55a000 25236       3       org.gradle.api.internal.artifacts.ivyservice.resolveengine.graph.builder.ModuleResolveState::maybeUpdateSelection (108 bytes)
Event: 104.931 Thread 0x0000021e6a55a000 nmethod 25236 0x0000021e52c32210 code [0x0000021e52c32420, 0x0000021e52c32a98]
Event: 104.931 Thread 0x0000021e6a55a000 25237       3       org.gradle.api.internal.artifacts.ivyservice.resolveengine.graph.selectors.SelectorStateResolver::selectBest (193 bytes)
Event: 104.933 Thread 0x0000021e6a55a000 nmethod 25237 0x0000021e52c32c90 code [0x0000021e52c33080, 0x0000021e52c34e58]
Event: 104.933 Thread 0x0000021e6a55a000 25239       3       org.gradle.api.internal.artifacts.ivyservice.resolveengine.graph.selectors.SelectorStateResolver::resolveSelectors (71 bytes)
Event: 104.933 Thread 0x0000021e6a55a000 nmethod 25239 0x0000021e52c35710 code [0x0000021e52c359e0, 0x0000021e52c36868]
Event: 104.933 Thread 0x0000021e6a55a000 25235       3       org.gradle.api.internal.artifacts.ivyservice.resolveengine.graph.builder.ResolveState::lambda$getModule$0 (42 bytes)
Event: 104.933 Thread 0x0000021e6a55a000 nmethod 25235 0x0000021e52c36c90 code [0x0000021e52c36e40, 0x0000021e52c37068]
Event: 104.985 Thread 0x0000021e6a553800 nmethod 25164 0x0000021e578d2410 code [0x0000021e578d2ac0, 0x0000021e578d9780]
Event: 104.985 Thread 0x0000021e6a553800 25188       4       org.gradle.internal.service.DefaultServiceRegistry::find (142 bytes)
Event: 104.993 Thread 0x0000021e6a553800 nmethod 25188 0x0000021e578df810 code [0x0000021e578dfa20, 0x0000021e578e0050]
Event: 104.993 Thread 0x0000021e6a553800 25192       4       org.gradle.internal.service.DefaultServiceRegistry::isSatisfiedBy (44 bytes)
Event: 104.995 Thread 0x0000021e6a55a000 25241       3       org.gradle.api.internal.artifacts.dsl.DefaultComponentMetadataProcessor::processMetadata (254 bytes)
Event: 104.996 Thread 0x0000021e6a55a000 nmethod 25241 0x0000021e52c37190 code [0x0000021e52c37520, 0x0000021e52c38ac8]
Event: 104.996 Thread 0x0000021e6a55a000 25242  s    3       org.gradle.api.internal.artifacts.ivyservice.modulecache.DefaultCachedMetadata::putProcessedMetadata (64 bytes)
Event: 104.997 Thread 0x0000021e6a55a000 nmethod 25242 0x0000021e52c39210 code [0x0000021e52c394c0, 0x0000021e52c3a508]
Event: 104.998 Thread 0x0000021e6a553800 nmethod 25192 0x0000021e578e0610 code [0x0000021e578e0820, 0x0000021e578e0d58]
Event: 104.998 Thread 0x0000021e6a553800 25216       4       java.util.Collections::singleton (9 bytes)
Event: 105.000 Thread 0x0000021e6a553800 nmethod 25216 0x0000021e578e1190 code [0x0000021e578e1320, 0x0000021e578e1458]

GC Heap History (20 events):
Event: 77.311 GC heap before
{Heap before GC invocations=25 (full 0):
 garbage-first heap   total 408576K, used 282880K [0x0000000700a00000, 0x0000000800000000)
  region size 1024K, 62 young (63488K), 4 survivors (4096K)
 Metaspace       used 125838K, capacity 129079K, committed 129844K, reserved 1161216K
  class space    used 15933K, capacity 17172K, committed 17424K, reserved 1048576K
}
Event: 77.327 GC heap after
{Heap after GC invocations=26 (full 0):
 garbage-first heap   total 408576K, used 233005K [0x0000000700a00000, 0x0000000800000000)
  region size 1024K, 12 young (12288K), 12 survivors (12288K)
 Metaspace       used 125838K, capacity 129079K, committed 129844K, reserved 1161216K
  class space    used 15933K, capacity 17172K, committed 17424K, reserved 1048576K
}
Event: 78.839 GC heap before
{Heap before GC invocations=27 (full 0):
 garbage-first heap   total 408576K, used 326189K [0x0000000700a00000, 0x0000000800000000)
  region size 1024K, 92 young (94208K), 12 survivors (12288K)
 Metaspace       used 128655K, capacity 131865K, committed 132404K, reserved 1165312K
  class space    used 16213K, capacity 17452K, committed 17680K, reserved 1048576K
}
Event: 78.858 GC heap after
{Heap after GC invocations=28 (full 0):
 garbage-first heap   total 408576K, used 224579K [0x0000000700a00000, 0x0000000800000000)
  region size 1024K, 6 young (6144K), 6 survivors (6144K)
 Metaspace       used 128655K, capacity 131865K, committed 132404K, reserved 1165312K
  class space    used 16213K, capacity 17452K, committed 17680K, reserved 1048576K
}
Event: 80.660 GC heap before
{Heap before GC invocations=28 (full 0):
 garbage-first heap   total 408576K, used 243011K [0x0000000700a00000, 0x0000000800000000)
  region size 1024K, 25 young (25600K), 6 survivors (6144K)
 Metaspace       used 130504K, capacity 133857K, committed 134196K, reserved 1165312K
  class space    used 16422K, capacity 17701K, committed 17936K, reserved 1048576K
}
Event: 80.669 GC heap after
{Heap after GC invocations=29 (full 0):
 garbage-first heap   total 408576K, used 227457K [0x0000000700a00000, 0x0000000800000000)
  region size 1024K, 9 young (9216K), 9 survivors (9216K)
 Metaspace       used 130504K, capacity 133857K, committed 134196K, reserved 1165312K
  class space    used 16422K, capacity 17701K, committed 17936K, reserved 1048576K
}
Event: 86.312 GC heap before
{Heap before GC invocations=30 (full 0):
 garbage-first heap   total 408576K, used 309377K [0x0000000700a00000, 0x0000000800000000)
  region size 1024K, 86 young (88064K), 9 survivors (9216K)
 Metaspace       used 143831K, capacity 147499K, committed 147764K, reserved 1177600K
  class space    used 18272K, capacity 19604K, committed 19728K, reserved 1048576K
}
Event: 86.325 GC heap after
{Heap after GC invocations=31 (full 0):
 garbage-first heap   total 408576K, used 205097K [0x0000000700a00000, 0x0000000800000000)
  region size 1024K, 10 young (10240K), 10 survivors (10240K)
 Metaspace       used 143831K, capacity 147499K, committed 147764K, reserved 1177600K
  class space    used 18272K, capacity 19604K, committed 19728K, reserved 1048576K
}
Event: 86.829 GC heap before
{Heap before GC invocations=31 (full 0):
 garbage-first heap   total 408576K, used 213289K [0x0000000700a00000, 0x0000000800000000)
  region size 1024K, 19 young (19456K), 10 survivors (10240K)
 Metaspace       used 145733K, capacity 149365K, committed 149684K, reserved 1179648K
  class space    used 18668K, capacity 19990K, committed 20112K, reserved 1048576K
}
Event: 86.846 GC heap after
{Heap after GC invocations=32 (full 0):
 garbage-first heap   total 408576K, used 170116K [0x0000000700a00000, 0x0000000800000000)
  region size 1024K, 2 young (2048K), 2 survivors (2048K)
 Metaspace       used 145733K, capacity 149365K, committed 149684K, reserved 1179648K
  class space    used 18668K, capacity 19990K, committed 20112K, reserved 1048576K
}
Event: 87.565 GC heap before
{Heap before GC invocations=32 (full 0):
 garbage-first heap   total 408576K, used 186500K [0x0000000700a00000, 0x0000000800000000)
  region size 1024K, 19 young (19456K), 2 survivors (2048K)
 Metaspace       used 148788K, capacity 152412K, committed 152756K, reserved 1181696K
  class space    used 18938K, capacity 20279K, committed 20368K, reserved 1048576K
}
Event: 87.575 GC heap after
{Heap after GC invocations=33 (full 0):
 garbage-first heap   total 408576K, used 166773K [0x0000000700a00000, 0x0000000800000000)
  region size 1024K, 3 young (3072K), 3 survivors (3072K)
 Metaspace       used 148788K, capacity 152412K, committed 152756K, reserved 1181696K
  class space    used 18938K, capacity 20279K, committed 20368K, reserved 1048576K
}
Event: 92.111 GC heap before
{Heap before GC invocations=33 (full 0):
 garbage-first heap   total 408576K, used 280437K [0x0000000700a00000, 0x0000000800000000)
  region size 1024K, 111 young (113664K), 3 survivors (3072K)
 Metaspace       used 163954K, capacity 167877K, committed 168244K, reserved 1196032K
  class space    used 20465K, capacity 21919K, committed 22032K, reserved 1048576K
}
Event: 92.125 GC heap after
{Heap after GC invocations=34 (full 0):
 garbage-first heap   total 408576K, used 179810K [0x0000000700a00000, 0x0000000800000000)
  region size 1024K, 14 young (14336K), 14 survivors (14336K)
 Metaspace       used 163954K, capacity 167877K, committed 168244K, reserved 1196032K
  class space    used 20465K, capacity 21919K, committed 22032K, reserved 1048576K
}
Event: 97.279 GC heap before
{Heap before GC invocations=34 (full 0):
 garbage-first heap   total 408576K, used 290402K [0x0000000700a00000, 0x0000000800000000)
  region size 1024K, 122 young (124928K), 14 survivors (14336K)
 Metaspace       used 173009K, capacity 177016K, committed 177204K, reserved 1204224K
  class space    used 21252K, capacity 22729K, committed 22800K, reserved 1048576K
}
Event: 97.306 GC heap after
{Heap after GC invocations=35 (full 0):
 garbage-first heap   total 408576K, used 194985K [0x0000000700a00000, 0x0000000800000000)
  region size 1024K, 15 young (15360K), 15 survivors (15360K)
 Metaspace       used 173009K, capacity 177016K, committed 177204K, reserved 1204224K
  class space    used 21252K, capacity 22729K, committed 22800K, reserved 1048576K
}
Event: 101.434 GC heap before
{Heap before GC invocations=35 (full 0):
 garbage-first heap   total 408576K, used 301481K [0x0000000700a00000, 0x0000000800000000)
  region size 1024K, 120 young (122880K), 15 survivors (15360K)
 Metaspace       used 187313K, capacity 191516K, committed 191540K, reserved 1216512K
  class space    used 23296K, capacity 24826K, committed 24848K, reserved 1048576K
}
Event: 101.459 GC heap after
{Heap after GC invocations=36 (full 0):
 garbage-first heap   total 408576K, used 202166K [0x0000000700a00000, 0x0000000800000000)
  region size 1024K, 7 young (7168K), 7 survivors (7168K)
 Metaspace       used 187313K, capacity 191516K, committed 191540K, reserved 1216512K
  class space    used 23296K, capacity 24826K, committed 24848K, reserved 1048576K
}
Event: 102.446 GC heap before
{Heap before GC invocations=36 (full 0):
 garbage-first heap   total 408576K, used 221622K [0x0000000700a00000, 0x0000000800000000)
  region size 1024K, 28 young (28672K), 7 survivors (7168K)
 Metaspace       used 192691K, capacity 196895K, committed 197172K, reserved 1220608K
  class space    used 23716K, capacity 25275K, committed 25360K, reserved 1048576K
}
Event: 102.456 GC heap after
{Heap after GC invocations=37 (full 0):
 garbage-first heap   total 408576K, used 202600K [0x0000000700a00000, 0x0000000800000000)
  region size 1024K, 8 young (8192K), 8 survivors (8192K)
 Metaspace       used 192691K, capacity 196895K, committed 197172K, reserved 1220608K
  class space    used 23716K, capacity 25275K, committed 25360K, reserved 1048576K
}

Deoptimization events (20 events):
Event: 104.816 Thread 0x0000021e6bc64000 Uncommon trap: trap_request=0xffffffc6 fr.pc=0x0000021e57393010 relative=0x0000000000000830
Event: 104.816 Thread 0x0000021e6bc64000 Uncommon trap: reason=bimorphic_or_optimized_type_check action=maybe_recompile pc=0x0000021e57393010 method=org.gradle.internal.operations.DefaultBuildOperationListenerManager$ProgressShieldingBuildOperationListener.finished(Lorg/gradle/internal/operation
Event: 104.816 Thread 0x0000021e6bc64000 DEOPT PACKING pc=0x0000021e57393010 sp=0x0000006d8ecfa7f0
Event: 104.816 Thread 0x0000021e6bc64000 DEOPT UNPACKING pc=0x0000021e4efda1af sp=0x0000006d8ecfa7b8 mode 2
Event: 104.817 Thread 0x0000021e6bc64000 Uncommon trap: trap_request=0xffffffc6 fr.pc=0x0000021e57393010 relative=0x0000000000000830
Event: 104.817 Thread 0x0000021e6bc64000 Uncommon trap: reason=bimorphic_or_optimized_type_check action=maybe_recompile pc=0x0000021e57393010 method=org.gradle.internal.operations.DefaultBuildOperationListenerManager$ProgressShieldingBuildOperationListener.finished(Lorg/gradle/internal/operation
Event: 104.817 Thread 0x0000021e6bc64000 DEOPT PACKING pc=0x0000021e57393010 sp=0x0000006d8ecf9ad0
Event: 104.817 Thread 0x0000021e6bc64000 DEOPT UNPACKING pc=0x0000021e4efda1af sp=0x0000006d8ecf9a98 mode 2
Event: 104.817 Thread 0x0000021e6bc64000 Uncommon trap: trap_request=0xffffffc6 fr.pc=0x0000021e57393010 relative=0x0000000000000830
Event: 104.817 Thread 0x0000021e6bc64000 Uncommon trap: reason=bimorphic_or_optimized_type_check action=maybe_recompile pc=0x0000021e57393010 method=org.gradle.internal.operations.DefaultBuildOperationListenerManager$ProgressShieldingBuildOperationListener.finished(Lorg/gradle/internal/operation
Event: 104.817 Thread 0x0000021e6bc64000 DEOPT PACKING pc=0x0000021e57393010 sp=0x0000006d8ecfaff0
Event: 104.817 Thread 0x0000021e6bc64000 DEOPT UNPACKING pc=0x0000021e4efda1af sp=0x0000006d8ecfafb8 mode 2
Event: 104.870 Thread 0x0000021e6bc64000 Uncommon trap: trap_request=0xffffffde fr.pc=0x0000021e570e52fc relative=0x0000000000000a9c
Event: 104.870 Thread 0x0000021e6bc64000 Uncommon trap: reason=class_check action=maybe_recompile pc=0x0000021e570e52fc method=org.gradle.cache.internal.LockOnDemandCrossProcessCacheAccess.incrementLockCount()V @ 97 c2
Event: 104.870 Thread 0x0000021e6bc64000 DEOPT PACKING pc=0x0000021e570e52fc sp=0x0000006d8ecf7780
Event: 104.870 Thread 0x0000021e6bc64000 DEOPT UNPACKING pc=0x0000021e4efda1af sp=0x0000006d8ecf7760 mode 2
Event: 104.873 Thread 0x0000021e6bc64000 Uncommon trap: trap_request=0xffffff4d fr.pc=0x0000021e572aa9a8 relative=0x0000000000000088
Event: 104.873 Thread 0x0000021e6bc64000 Uncommon trap: reason=unstable_if action=reinterpret pc=0x0000021e572aa9a8 method=org.gradle.api.internal.attributes.DefaultCompatibilityRuleChain.doesSomething()Z @ 9 c2
Event: 104.873 Thread 0x0000021e6bc64000 DEOPT PACKING pc=0x0000021e572aa9a8 sp=0x0000006d8ecf8920
Event: 104.873 Thread 0x0000021e6bc64000 DEOPT UNPACKING pc=0x0000021e4efda1af sp=0x0000006d8ecf88a8 mode 2

Classes redefined (0 events):
No events

Internal exceptions (20 events):
Event: 100.059 Thread 0x0000021e6c6f7800 Exception <a 'java/lang/ClassNotFoundException'{0x0000000714a50d58}: java/lang/StringBeanInfo> (0x0000000714a50d58) thrown at [./src/hotspot/share/classfile/systemDictionary.cpp, line 231]
Event: 100.059 Thread 0x0000021e6c6f7800 Exception <a 'java/lang/ClassNotFoundException'{0x0000000714a51fe0}: java/lang/StringCustomizer> (0x0000000714a51fe0) thrown at [./src/hotspot/share/classfile/systemDictionary.cpp, line 231]
Event: 100.821 Thread 0x0000021e6c6f7800 Exception <a 'java/lang/NoSuchMethodError'{0x0000000712a76958}: 'int java.lang.invoke.DirectMethodHandle$Holder.invokeStatic(java.lang.Object, int, java.lang.Object, java.lang.Object)'> (0x0000000712a76958) thrown at [./src/hotspot/share/interpreter/linkResolver.cpp, line 773]
Event: 100.826 Thread 0x0000021e6c6f7800 Exception <a 'java/lang/NoSuchMethodError'{0x0000000712aa9f28}: 'void java.lang.invoke.DirectMethodHandle$Holder.invokeSpecialIFC(java.lang.Object, java.lang.Object, java.lang.Object)'> (0x0000000712aa9f28) thrown at [./src/hotspot/share/interpreter/linkResolver.cpp, line 773]
Event: 101.093 Thread 0x0000021e6c6f7800 Exception <a 'java/lang/NoSuchMethodError'{0x0000000712255710}: 'java.lang.Object java.lang.invoke.DirectMethodHandle$Holder.invokeStatic(java.lang.Object, int, java.lang.Object, java.lang.Object, java.lang.Object)'> (0x0000000712255710) thrown at [./src/hotspot/share/interpreter/linkResolver.cpp, line 773]
Event: 101.188 Thread 0x0000021e6c6f7800 Exception <a 'sun/nio/fs/WindowsException'{0x0000000712106a20}> (0x0000000712106a20) thrown at [./src/hotspot/share/prims/jni.cpp, line 615]
Event: 101.296 Thread 0x0000021e6c6f7800 Exception <a 'sun/nio/fs/WindowsException'{0x00000007121a8250}> (0x00000007121a8250) thrown at [./src/hotspot/share/prims/jni.cpp, line 615]
Event: 101.361 Thread 0x0000021e6c6f7800 Exception <a 'sun/nio/fs/WindowsException'{0x00000007121c77d8}> (0x00000007121c77d8) thrown at [./src/hotspot/share/prims/jni.cpp, line 615]
Event: 101.368 Thread 0x0000021e6c6f7800 Exception <a 'sun/nio/fs/WindowsException'{0x00000007121db9c0}> (0x00000007121db9c0) thrown at [./src/hotspot/share/prims/jni.cpp, line 615]
Event: 101.387 Thread 0x0000021e6c6f7800 Exception <a 'sun/nio/fs/WindowsException'{0x00000007121e9f68}> (0x00000007121e9f68) thrown at [./src/hotspot/share/prims/jni.cpp, line 615]
Event: 101.690 Thread 0x0000021e6c6f7800 Exception <a 'sun/nio/fs/WindowsException'{0x00000007190fa348}> (0x00000007190fa348) thrown at [./src/hotspot/share/prims/jni.cpp, line 615]
Event: 102.954 Thread 0x0000021e76e72800 Exception <a 'sun/nio/fs/WindowsException'{0x0000000717d31c08}> (0x0000000717d31c08) thrown at [./src/hotspot/share/prims/jni.cpp, line 615]
Event: 103.156 Thread 0x0000021e76e7c800 Exception <a 'sun/nio/fs/WindowsException'{0x0000000717cd10d8}> (0x0000000717cd10d8) thrown at [./src/hotspot/share/prims/jni.cpp, line 615]
Event: 103.327 Thread 0x0000021e6bc64000 Exception <a 'sun/nio/fs/WindowsException'{0x0000000717b79788}> (0x0000000717b79788) thrown at [./src/hotspot/share/prims/jni.cpp, line 615]
Event: 103.327 Thread 0x0000021e6bc64000 Exception <a 'sun/nio/fs/WindowsException'{0x0000000717b798f0}> (0x0000000717b798f0) thrown at [./src/hotspot/share/prims/jni.cpp, line 615]
Event: 103.327 Thread 0x0000021e6bc64000 Exception <a 'sun/nio/fs/WindowsException'{0x0000000717b7b1f0}> (0x0000000717b7b1f0) thrown at [./src/hotspot/share/prims/jni.cpp, line 615]
Event: 103.697 Thread 0x0000021e6bc64000 Exception <a 'java/lang/NoSuchMethodError'{0x00000007178308f0}: 'java.lang.Object java.lang.invoke.DirectMethodHandle$Holder.invokeSpecial(java.lang.Object, java.lang.Object, java.lang.Object, java.lang.Object, int, java.lang.Object, java.lang.Object)'> (0x00000007178308f0) thrown at [./src/hotspot/share/interpreter/linkResolver.cpp, line 773]
Event: 103.831 Thread 0x0000021e6bc64000 Implicit null exception at 0x0000021e570d2b2f to 0x0000021e570d2b7c
Event: 103.996 Thread 0x0000021e6bc64000 Implicit null exception at 0x0000021e570bba88 to 0x0000021e570bbe30
Event: 104.703 Thread 0x0000021e6bc64000 Implicit null exception at 0x0000021e5721cd51 to 0x0000021e5721d024

Events (20 events):
Event: 104.806 loading class com/google/wireless/android/sdk/stats/GradleJdkInvalidEvent done
Event: 104.806 Thread 0x0000021e6aa68000 Thread added: 0x0000021e6aa68000
Event: 104.807 loading class com/google/wireless/android/sdk/stats/GradleVersionCatalogDetectorEvent
Event: 104.807 loading class com/google/wireless/android/sdk/stats/GradleVersionCatalogDetectorEvent done
Event: 104.808 loading class com/google/wireless/android/sdk/stats/DefaultActivityLocatorStats
Event: 104.808 loading class com/google/wireless/android/sdk/stats/DefaultActivityLocatorStats done
Event: 104.808 loading class com/google/wireless/android/sdk/stats/InteractivePreviewEvent
Event: 104.808 loading class com/google/wireless/android/sdk/stats/InteractivePreviewEvent done
Event: 104.819 Thread 0x0000021e6aa65800 Thread added: 0x0000021e6aa65800
Event: 104.829 loading class com/google/wireless/android/sdk/stats/NonTransitiveRClassMigrationEvent
Event: 104.829 loading class com/google/wireless/android/sdk/stats/NonTransitiveRClassMigrationEvent done
Event: 104.865 loading class com/google/wireless/android/sdk/stats/SuggestedImportEvent
Event: 104.865 loading class com/google/wireless/android/sdk/stats/SuggestedImportEvent done
Event: 104.866 loading class com/google/wireless/android/sdk/stats/DynamicLayoutInspectorEvent
Event: 104.866 loading class com/google/wireless/android/sdk/stats/DynamicLayoutInspectorEvent done
Event: 104.869 Thread 0x0000021e6aa64000 Thread added: 0x0000021e6aa64000
Event: 104.930 loading class com/google/wireless/android/sdk/stats/KotlinProjectConfiguration
Event: 104.930 loading class com/google/wireless/android/sdk/stats/KotlinProjectConfiguration done
Event: 104.995 loading class com/google/wireless/android/sdk/stats/UpgradeAssistantProcessorEvent
Event: 104.995 loading class com/google/wireless/android/sdk/stats/UpgradeAssistantProcessorEvent done


Dynamic libraries:
0x00007ff7b44e0000 - 0x00007ff7b44ea000 	D:\android-studio\jre\bin\java.exe
0x00007ff85a570000 - 0x00007ff85a768000 	C:\WINDOWS\SYSTEM32\ntdll.dll
0x00007ff85a000000 - 0x00007ff85a0bd000 	C:\WINDOWS\System32\KERNEL32.DLL
0x00007ff857e80000 - 0x00007ff85814e000 	C:\WINDOWS\System32\KERNELBASE.dll
0x00007ff8584d0000 - 0x00007ff8585d0000 	C:\WINDOWS\System32\ucrtbase.dll
0x00007ff84d0a0000 - 0x00007ff84d0b9000 	D:\android-studio\jre\bin\jli.dll
0x00007ff84cdf0000 - 0x00007ff84ce07000 	D:\android-studio\jre\bin\VCRUNTIME140.dll
0x00007ff858b30000 - 0x00007ff858cd0000 	C:\WINDOWS\System32\USER32.dll
0x00007ff84e6e0000 - 0x00007ff84e97a000 	C:\WINDOWS\WinSxS\amd64_microsoft.windows.common-controls_6595b64144ccf1df_6.0.19041.1110_none_60b5254171f9507e\COMCTL32.dll
0x00007ff858380000 - 0x00007ff8583a2000 	C:\WINDOWS\System32\win32u.dll
0x00007ff858a90000 - 0x00007ff858b2e000 	C:\WINDOWS\System32\msvcrt.dll
0x00007ff858cd0000 - 0x00007ff858cfa000 	C:\WINDOWS\System32\GDI32.dll
0x00007ff858240000 - 0x00007ff85834b000 	C:\WINDOWS\System32\gdi32full.dll
0x00007ff858150000 - 0x00007ff8581ed000 	C:\WINDOWS\System32\msvcp_win.dll
0x00007ff859ba0000 - 0x00007ff859bd0000 	C:\WINDOWS\System32\IMM32.DLL
0x00007ff831ad0000 - 0x00007ff831b6d000 	D:\android-studio\jre\bin\msvcp140.dll
0x00007fffd99b0000 - 0x00007fffda495000 	D:\android-studio\jre\bin\server\jvm.dll
0x00007ff85a360000 - 0x00007ff85a40e000 	C:\WINDOWS\System32\ADVAPI32.dll
0x00007ff859f50000 - 0x00007ff859fec000 	C:\WINDOWS\System32\sechost.dll
0x00007ff859e20000 - 0x00007ff859f45000 	C:\WINDOWS\System32\RPCRT4.dll
0x00007ff85a1a0000 - 0x00007ff85a1a8000 	C:\WINDOWS\System32\PSAPI.DLL
0x00007ff84d1d0000 - 0x00007ff84d1f7000 	C:\WINDOWS\SYSTEM32\WINMM.dll
0x00007ff831680000 - 0x00007ff831689000 	C:\WINDOWS\SYSTEM32\WSOCK32.dll
0x00007ff856400000 - 0x00007ff85640a000 	C:\WINDOWS\SYSTEM32\VERSION.dll
0x00007ff859c30000 - 0x00007ff859c9b000 	C:\WINDOWS\System32\WS2_32.dll
0x00007ff856530000 - 0x00007ff856542000 	C:\WINDOWS\SYSTEM32\kernel.appcore.dll
0x00007ff843980000 - 0x00007ff843991000 	D:\android-studio\jre\bin\verify.dll
0x00007ff84c540000 - 0x00007ff84c724000 	C:\WINDOWS\SYSTEM32\DBGHELP.DLL
0x00007ff84c8e0000 - 0x00007ff84c90c000 	C:\WINDOWS\SYSTEM32\dbgcore.DLL
0x00007ff857df0000 - 0x00007ff857e72000 	C:\WINDOWS\System32\bcryptPrimitives.dll
0x00007fffe7d50000 - 0x00007fffe7d79000 	D:\android-studio\jre\bin\java.dll
0x00007ff835b60000 - 0x00007ff835b6b000 	D:\android-studio\jre\bin\jimage.dll
0x00007ff803a30000 - 0x00007ff803a48000 	D:\android-studio\jre\bin\zip.dll
0x00007ff859290000 - 0x00007ff8599d4000 	C:\WINDOWS\System32\SHELL32.dll
0x00007ff855bb0000 - 0x00007ff856344000 	C:\WINDOWS\SYSTEM32\windows.storage.dll
0x00007ff858730000 - 0x00007ff858a84000 	C:\WINDOWS\System32\combase.dll
0x00007ff857540000 - 0x00007ff857570000 	C:\WINDOWS\SYSTEM32\Wldp.dll
0x00007ff859ca0000 - 0x00007ff859d4d000 	C:\WINDOWS\System32\SHCORE.dll
0x00007ff858650000 - 0x00007ff8586a5000 	C:\WINDOWS\System32\shlwapi.dll
0x00007ff857bd0000 - 0x00007ff857bef000 	C:\WINDOWS\SYSTEM32\profapi.dll
0x00007ffff5f30000 - 0x00007ffff5f4a000 	D:\android-studio\jre\bin\net.dll
0x00007ff851040000 - 0x00007ff85114a000 	C:\WINDOWS\SYSTEM32\WINHTTP.dll
0x00007ff857320000 - 0x00007ff85738a000 	C:\WINDOWS\system32\mswsock.dll
0x00007fffe7d30000 - 0x00007fffe7d44000 	D:\android-studio\jre\bin\nio.dll
0x00007ffffe8a0000 - 0x00007ffffe8c7000 	D:\.gradle\native\e1d6ef7f7dcc3fd88c89a11ec53ec762bb8ba0a96d01ffa2cd45eb1d1d8dd5c5\windows-amd64\native-platform.dll
0x00007ff8290b0000 - 0x00007ff8291f4000 	D:\.gradle\native\5664cfc778a61ccfe75a443a1ab52a65af34e5dc3c78e0209fed803814484fcb\windows-amd64\native-platform-file-events.dll
0x00007ff82bcd0000 - 0x00007ff82bcda000 	D:\android-studio\jre\bin\management.dll
0x00007ff827b80000 - 0x00007ff827b8d000 	D:\android-studio\jre\bin\management_ext.dll
0x00007ff8578f0000 - 0x00007ff857908000 	C:\WINDOWS\SYSTEM32\CRYPTSP.dll
0x00007ff856cc0000 - 0x00007ff856cf4000 	C:\WINDOWS\system32\rsaenh.dll
0x00007ff858350000 - 0x00007ff858377000 	C:\WINDOWS\System32\bcrypt.dll
0x00007ff857b50000 - 0x00007ff857b7e000 	C:\WINDOWS\SYSTEM32\USERENV.dll
0x00007ff8574b0000 - 0x00007ff8574bc000 	C:\WINDOWS\SYSTEM32\CRYPTBASE.dll
0x00007ff857030000 - 0x00007ff85706b000 	C:\WINDOWS\SYSTEM32\IPHLPAPI.DLL
0x00007ff85a410000 - 0x00007ff85a418000 	C:\WINDOWS\System32\NSI.dll
0x00007ff852f00000 - 0x00007ff852f17000 	C:\WINDOWS\SYSTEM32\dhcpcsvc6.DLL
0x00007ff852ec0000 - 0x00007ff852edd000 	C:\WINDOWS\SYSTEM32\dhcpcsvc.DLL
0x00007ff857070000 - 0x00007ff85713a000 	C:\WINDOWS\SYSTEM32\DNSAPI.dll
0x00007ff84cdd0000 - 0x00007ff84cdee000 	C:\Users\103\AppData\Local\Temp\native-platform12151212659969523520dir\native-platform.dll
0x00007ff852680000 - 0x00007ff852688000 	D:\android-studio\jre\bin\rmi.dll

dbghelp: loaded successfully - version: 4.0.5 - missing functions: none
symbol engine: initialized successfully - sym options: 0x614 - pdb path: .;D:\android-studio\jre\bin;C:\WINDOWS\SYSTEM32;C:\WINDOWS\WinSxS\amd64_microsoft.windows.common-controls_6595b64144ccf1df_6.0.19041.1110_none_60b5254171f9507e;D:\android-studio\jre\bin\server;D:\.gradle\native\e1d6ef7f7dcc3fd88c89a11ec53ec762bb8ba0a96d01ffa2cd45eb1d1d8dd5c5\windows-amd64;D:\.gradle\native\5664cfc778a61ccfe75a443a1ab52a65af34e5dc3c78e0209fed803814484fcb\windows-amd64;C:\Users\103\AppData\Local\Temp\native-platform12151212659969523520dir

VM Arguments:
jvm_args: --add-opens=java.base/java.util=ALL-UNNAMED --add-opens=java.base/java.lang=ALL-UNNAMED --add-opens=java.base/java.lang.invoke=ALL-UNNAMED --add-opens=java.base/java.util=ALL-UNNAMED --add-opens=java.prefs/java.util.prefs=ALL-UNNAMED --add-opens=java.prefs/java.util.prefs=ALL-UNNAMED --add-opens=java.base/java.nio.charset=ALL-UNNAMED --add-opens=java.base/java.net=ALL-UNNAMED --add-opens=java.base/java.util.concurrent.atomic=ALL-UNNAMED -Dfile.encoding=windows-1252 -Duser.country=US -Duser.language=en -Duser.variant 
java_command: org.gradle.launcher.daemon.bootstrap.GradleDaemon 7.3.3
java_class_path (initial): D:\.gradle\wrapper\dists\gradle-7.3.3-bin\6a41zxkdtcxs8rphpq6y0069z\gradle-7.3.3\lib\gradle-launcher-7.3.3.jar
Launcher Type: SUN_STANDARD

[Global flags]
     intx CICompilerCount                          = 3                                         {product} {ergonomic}
     uint ConcGCThreads                            = 1                                         {product} {ergonomic}
     uint G1ConcRefinementThreads                  = 4                                         {product} {ergonomic}
   size_t G1HeapRegionSize                         = 1048576                                   {product} {ergonomic}
    uintx GCDrainStackTargetSize                   = 64                                        {product} {ergonomic}
   size_t InitialHeapSize                          = 268435456                                 {product} {ergonomic}
   size_t MarkStackSize                            = 4194304                                   {product} {ergonomic}
   size_t MaxHeapSize                              = 4284481536                                {product} {ergonomic}
   size_t MaxNewSize                               = 2570059776                                {product} {ergonomic}
   size_t MinHeapDeltaBytes                        = 1048576                                   {product} {ergonomic}
    uintx NonNMethodCodeHeapSize                   = 5830732                                {pd product} {ergonomic}
    uintx NonProfiledCodeHeapSize                  = 122913754                              {pd product} {ergonomic}
    uintx ProfiledCodeHeapSize                     = 122913754                              {pd product} {ergonomic}
    uintx ReservedCodeCacheSize                    = 251658240                              {pd product} {ergonomic}
     bool SegmentedCodeCache                       = true                                      {product} {ergonomic}
     bool UseCompressedClassPointers               = true                                 {lp64_product} {ergonomic}
     bool UseCompressedOops                        = true                                 {lp64_product} {ergonomic}
     bool UseG1GC                                  = true                                      {product} {ergonomic}
     bool UseLargePagesIndividualAllocation        = false                                  {pd product} {ergonomic}

Logging:
Log output configuration:
 #0: stdout all=warning uptime,level,tags
 #1: stderr all=off uptime,level,tags

Environment Variables:
JAVA_HOME=D:\Java\jdk-17.0.2
PATH=C:\Program Files\Microsoft\jdk-11.0.12.7-hotspot\bin;C:\Program Files (x86)\Common Files\Oracle\Java\javapath;D:\devkitPro\msys2\mingw64\bin;D:\devkitPro\msys2\usr\bin;D:\devkitPro\tools\bin;D:\Java\jdk-18.0.1.1\bin;C:\Program Files (x86)\Common Files\Intel\Shared Libraries\redist\intel64_win\compiler;D:\bind;D:\Python3\;D:\Python3\Scripts\;C:\WINDOWS\system32;C:\WINDOWS;C:\WINDOWS\System32\Wbem;C:\WINDOWS\System32\WindowsPowerShell\v1.0\;D:\git\cmd;D:\android-sdk\platform-tools;C:\Program Files\Microsoft SQL Server\110\Tools\Binn\;D:\Microsoft Visual Studio\SDK\Bin;C:\WINDOWS\System32\OpenSSH\;D:\ant\bin;D:\httpd\php;D:\curl\bin;E:\phonedev\!installbats;D:\Microsoft Visual Studio 2017\BuildTools\VC;D:\node;C:\Program Files (x86)\NVIDIA Corporation\PhysX\Common;C:\Program Files\Common Files\Autodesk Shared\;M:\switchdev\!bats;C:\Program Files\dotnet\;D:\cmake\bin;D:\maven\bin;C:\WINDOWS\system32;C:\WINDOWS;C:\WINDOWS\System32\Wbem;C:\WINDOWS\System32\WindowsPowerShell\v1.0\;C:\WINDOWS\System32\OpenSSH\;C:\Program Files (x86)\dotnet\;D:\UnxUtils\usr\local\wbin;D:\Python3\Scripts\;D:\Python3\;C:\Users\103\AppData\Roaming\Python\Python39\Scripts;D:\Java\jdk-18.0.1.1\bin;C:\Users\103\.cargo\bin;C:\Users\103\AppData\Local\Microsoft\WindowsApps;C:\Users\103\.dotnet\tools;D:\UnxUtils\usr\local\wbin;D:\Gradle\bin;D:\wix;
USERNAME=103
OS=Windows_NT
PROCESSOR_IDENTIFIER=Intel64 Family 6 Model 42 Stepping 7, GenuineIntel



---------------  S Y S T E M  ---------------

OS: Windows 10 , 64 bit Build 19041 (10.0.19041.1889)
OS uptime: 15 days 19:17 hours
Hyper-V role detected

CPU:total 4 (initial active 4) (4 cores per cpu, 1 threads per core) family 6 model 42 stepping 7 microcode 0x2f, cmov, cx8, fxsr, mmx, sse, sse2, sse3, ssse3, sse4.1, sse4.2, popcnt, avx, aes, clmul, tsc, tscinvbit

Memory: 4k page, system-wide physical 16342M (489M free)
TotalPageFile size 29272M (AvailPageFile size 7M)
current process WorkingSet (physical memory assigned to process): 860M, peak: 863M
current process commit charge ("private bytes"): 895M, peak: 898M

vm_info: OpenJDK 64-Bit Server VM (11.0.12+7-b1504.28-7817840) for windows-amd64 JRE (11.0.12+7-b1504.28-7817840), built on Oct 13 2021 22:12:33 by "builder" with MS VC++ 14.0 (VS2015)

END.
